{"/home/travis/build/npmtest/node-npmtest-elasticlunr/test.js":{"path":"/home/travis/build/npmtest/node-npmtest-elasticlunr/test.js","s":{"1":2,"2":2,"3":2,"4":2,"5":2,"6":2,"7":2,"8":1,"9":2,"10":2,"11":1,"12":1,"13":1,"14":1,"15":2,"16":2,"17":2,"18":2,"19":1,"20":1,"21":2,"22":2,"23":2,"24":1,"25":1,"26":1,"27":1,"28":1,"29":1,"30":1,"31":1,"32":1,"33":1,"34":1,"35":1,"36":1,"37":1,"38":1,"39":2,"40":2,"41":1,"42":2,"43":2,"44":1,"45":2,"46":2,"47":1,"48":2,"49":2,"50":1,"51":1,"52":1,"53":1,"54":1},"b":{"1":[2,1,1,1],"2":[1,1,1,1],"3":[1,1],"4":[1,1],"5":[1,1],"6":[1,1],"7":[1,1],"8":[1,1],"9":[1,1],"10":[1,1,1],"11":[1,1],"12":[1,1],"13":[1,1],"14":[1,1],"15":[1,1],"16":[1,1],"17":[1,1]},"f":{"1":2,"2":2,"3":2,"4":2,"5":2,"6":1,"7":1,"8":1,"9":2,"10":2,"11":2,"12":2,"13":1},"fnMap":{"1":{"name":"(anonymous_1)","line":12,"loc":{"start":{"line":12,"column":1},"end":{"line":12,"column":13}}},"2":{"name":"(anonymous_2)","line":19,"loc":{"start":{"line":19,"column":5},"end":{"line":19,"column":17}}},"3":{"name":"(anonymous_3)","line":23,"loc":{"start":{"line":23,"column":24},"end":{"line":23,"column":36}}},"4":{"name":"(anonymous_4)","line":61,"loc":{"start":{"line":61,"column":5},"end":{"line":61,"column":17}}},"5":{"name":"(anonymous_5)","line":82,"loc":{"start":{"line":82,"column":5},"end":{"line":82,"column":17}}},"6":{"name":"(anonymous_6)","line":91,"loc":{"start":{"line":91,"column":77},"end":{"line":94,"column":10}}},"7":{"name":"(anonymous_7)","line":112,"loc":{"start":{"line":112,"column":83},"end":{"line":115,"column":10}},"skip":true},"8":{"name":"(anonymous_8)","line":123,"loc":{"start":{"line":123,"column":77},"end":{"line":126,"column":10}},"skip":true},"9":{"name":"(anonymous_9)","line":139,"loc":{"start":{"line":139,"column":12},"end":{"line":139,"column":40}},"skip":true},"10":{"name":"(anonymous_10)","line":147,"loc":{"start":{"line":147,"column":77},"end":{"line":150,"column":10}},"skip":true},"11":{"name":"(anonymous_11)","line":158,"loc":{"start":{"line":158,"column":83},"end":{"line":161,"column":10}},"skip":true},"12":{"name":"(anonymous_12)","line":169,"loc":{"start":{"line":169,"column":79},"end":{"line":172,"column":10}},"skip":true},"13":{"name":"(anonymous_13)","line":180,"loc":{"start":{"line":180,"column":75},"end":{"line":183,"column":10}},"skip":true}},"statementMap":{"1":{"start":{"line":12,"column":0},"end":{"line":195,"column":5}},"2":{"start":{"line":14,"column":4},"end":{"line":14,"column":14}},"3":{"start":{"line":19,"column":4},"end":{"line":56,"column":9}},"4":{"start":{"line":21,"column":8},"end":{"line":21,"column":19}},"5":{"start":{"line":23,"column":8},"end":{"line":35,"column":13}},"6":{"start":{"line":24,"column":12},"end":{"line":34,"column":13}},"7":{"start":{"line":25,"column":16},"end":{"line":28,"column":30}},"8":{"start":{"line":30,"column":16},"end":{"line":33,"column":27}},"9":{"start":{"line":37,"column":8},"end":{"line":39,"column":21}},"10":{"start":{"line":40,"column":8},"end":{"line":53,"column":9}},"11":{"start":{"line":43,"column":12},"end":{"line":46,"column":14}},"12":{"start":{"line":47,"column":12},"end":{"line":47,"column":18}},"13":{"start":{"line":50,"column":12},"end":{"line":51,"column":33}},"14":{"start":{"line":52,"column":12},"end":{"line":52,"column":18}},"15":{"start":{"line":55,"column":8},"end":{"line":55,"column":35}},"16":{"start":{"line":61,"column":4},"end":{"line":63,"column":9}},"17":{"start":{"line":62,"column":8},"end":{"line":62,"column":15}},"18":{"start":{"line":64,"column":4},"end":{"line":77,"column":5}},"19":{"start":{"line":70,"column":8},"end":{"line":70,"column":14}},"20":{"start":{"line":76,"column":8},"end":{"line":76,"column":14}},"21":{"start":{"line":82,"column":4},"end":{"line":84,"column":9}},"22":{"start":{"line":83,"column":8},"end":{"line":83,"column":15}},"23":{"start":{"line":85,"column":4},"end":{"line":194,"column":5}},"24":{"start":{"line":91,"column":8},"end":{"line":99,"column":10}},"25":{"start":{"line":98,"column":12},"end":{"line":98,"column":35}},"26":{"start":{"line":102,"column":8},"end":{"line":104,"column":63}},"27":{"start":{"line":105,"column":8},"end":{"line":105,"column":14}},"28":{"start":{"line":112,"column":8},"end":{"line":121,"column":10},"skip":true},"29":{"start":{"line":119,"column":12},"end":{"line":119,"column":55},"skip":true},"30":{"start":{"line":120,"column":12},"end":{"line":120,"column":48},"skip":true},"31":{"start":{"line":123,"column":8},"end":{"line":136,"column":10},"skip":true},"32":{"start":{"line":130,"column":12},"end":{"line":130,"column":76},"skip":true},"33":{"start":{"line":131,"column":12},"end":{"line":131,"column":73},"skip":true},"34":{"start":{"line":132,"column":12},"end":{"line":132,"column":74},"skip":true},"35":{"start":{"line":133,"column":12},"end":{"line":133,"column":79},"skip":true},"36":{"start":{"line":134,"column":12},"end":{"line":134,"column":25},"skip":true},"37":{"start":{"line":135,"column":12},"end":{"line":135,"column":45},"skip":true},"38":{"start":{"line":138,"column":8},"end":{"line":145,"column":14},"skip":true},"39":{"start":{"line":143,"column":16},"end":{"line":143,"column":29},"skip":true},"40":{"start":{"line":144,"column":16},"end":{"line":144,"column":55},"skip":true},"41":{"start":{"line":147,"column":8},"end":{"line":156,"column":10},"skip":true},"42":{"start":{"line":154,"column":12},"end":{"line":154,"column":25},"skip":true},"43":{"start":{"line":155,"column":12},"end":{"line":155,"column":45},"skip":true},"44":{"start":{"line":158,"column":8},"end":{"line":167,"column":10},"skip":true},"45":{"start":{"line":165,"column":12},"end":{"line":165,"column":25},"skip":true},"46":{"start":{"line":166,"column":12},"end":{"line":166,"column":48},"skip":true},"47":{"start":{"line":169,"column":8},"end":{"line":178,"column":10},"skip":true},"48":{"start":{"line":176,"column":12},"end":{"line":176,"column":25},"skip":true},"49":{"start":{"line":177,"column":12},"end":{"line":177,"column":46},"skip":true},"50":{"start":{"line":180,"column":8},"end":{"line":189,"column":10},"skip":true},"51":{"start":{"line":187,"column":12},"end":{"line":187,"column":94},"skip":true},"52":{"start":{"line":188,"column":12},"end":{"line":188,"column":48},"skip":true},"53":{"start":{"line":192,"column":8},"end":{"line":192,"column":35},"skip":true},"54":{"start":{"line":193,"column":8},"end":{"line":193,"column":14},"skip":true}},"branchMap":{"1":{"line":25,"type":"binary-expr","locations":[{"start":{"line":25,"column":23},"end":{"line":25,"column":62}},{"start":{"line":26,"column":20},"end":{"line":26,"column":70}},{"start":{"line":27,"column":20},"end":{"line":27,"column":71}},{"start":{"line":28,"column":20},"end":{"line":28,"column":29}}]},"2":{"line":30,"type":"binary-expr","locations":[{"start":{"line":30,"column":23},"end":{"line":30,"column":37}},{"start":{"line":31,"column":20},"end":{"line":31,"column":61}},{"start":{"line":32,"column":20},"end":{"line":32,"column":70}},{"start":{"line":33,"column":20},"end":{"line":33,"column":26}}]},"3":{"line":37,"type":"cond-expr","locations":[{"start":{"line":38,"column":14},"end":{"line":38,"column":20}},{"start":{"line":39,"column":14},"end":{"line":39,"column":20}}]},"4":{"line":40,"type":"switch","locations":[{"start":{"line":42,"column":8},"end":{"line":47,"column":18}},{"start":{"line":49,"column":8},"end":{"line":52,"column":18}}]},"5":{"line":44,"type":"binary-expr","locations":[{"start":{"line":44,"column":16},"end":{"line":44,"column":44}},{"start":{"line":44,"column":48},"end":{"line":44,"column":66}}]},"6":{"line":50,"type":"binary-expr","locations":[{"start":{"line":50,"column":21},"end":{"line":50,"column":49}},{"start":{"line":50,"column":53},"end":{"line":50,"column":72}}]},"7":{"line":64,"type":"switch","locations":[{"start":{"line":69,"column":4},"end":{"line":70,"column":14}},{"start":{"line":75,"column":4},"end":{"line":76,"column":14}}]},"8":{"line":85,"type":"switch","locations":[{"start":{"line":90,"column":4},"end":{"line":105,"column":14}},{"start":{"line":111,"column":4},"end":{"line":193,"column":14},"skip":true}]},"9":{"line":91,"type":"binary-expr","locations":[{"start":{"line":91,"column":42},"end":{"line":91,"column":73}},{"start":{"line":91,"column":77},"end":{"line":99,"column":9}}]},"10":{"line":102,"type":"binary-expr","locations":[{"start":{"line":102,"column":18},"end":{"line":102,"column":32}},{"start":{"line":103,"column":12},"end":{"line":103,"column":53}},{"start":{"line":104,"column":12},"end":{"line":104,"column":61}}]},"11":{"line":112,"type":"binary-expr","locations":[{"start":{"line":112,"column":45},"end":{"line":112,"column":79},"skip":true},{"start":{"line":112,"column":83},"end":{"line":121,"column":9},"skip":true}]},"12":{"line":123,"type":"binary-expr","locations":[{"start":{"line":123,"column":42},"end":{"line":123,"column":73},"skip":true},{"start":{"line":123,"column":77},"end":{"line":136,"column":9},"skip":true}]},"13":{"line":138,"type":"binary-expr","locations":[{"start":{"line":138,"column":48},"end":{"line":138,"column":85},"skip":true},{"start":{"line":139,"column":12},"end":{"line":145,"column":13},"skip":true}]},"14":{"line":147,"type":"binary-expr","locations":[{"start":{"line":147,"column":42},"end":{"line":147,"column":73},"skip":true},{"start":{"line":147,"column":77},"end":{"line":156,"column":9},"skip":true}]},"15":{"line":158,"type":"binary-expr","locations":[{"start":{"line":158,"column":45},"end":{"line":158,"column":79},"skip":true},{"start":{"line":158,"column":83},"end":{"line":167,"column":9},"skip":true}]},"16":{"line":169,"type":"binary-expr","locations":[{"start":{"line":169,"column":43},"end":{"line":169,"column":75},"skip":true},{"start":{"line":169,"column":79},"end":{"line":178,"column":9},"skip":true}]},"17":{"line":180,"type":"binary-expr","locations":[{"start":{"line":180,"column":41},"end":{"line":180,"column":71},"skip":true},{"start":{"line":180,"column":75},"end":{"line":189,"column":9},"skip":true}]}},"code":["/* istanbul instrument in package npmtest_elasticlunr */","/*jslint","    bitwise: true,","    browser: true,","    maxerr: 8,","    maxlen: 96,","    node: true,","    nomen: true,","    regexp: true,","    stupid: true","*/","(function () {","    'use strict';","    var local;","","","","    // run shared js-env code - pre-init","    (function () {","        // init local","        local = {};","        // init modeJs","        local.modeJs = (function () {","            try {","                return typeof navigator.userAgent === 'string' &&","                    typeof document.querySelector('body') === 'object' &&","                    typeof XMLHttpRequest.prototype.open === 'function' &&","                    'browser';","            } catch (errorCaughtBrowser) {","                return module.exports &&","                    typeof process.versions.node === 'string' &&","                    typeof require('http').createServer === 'function' &&","                    'node';","            }","        }());","        // init global","        local.global = local.modeJs === 'browser'","            ? window","            : global;","        switch (local.modeJs) {","        // re-init local from window.local","        case 'browser':","            local = local.global.utility2.objectSetDefault(","                local.global.utility2_rollup || local.global.local,","                local.global.utility2","            );","            break;","        // re-init local from example.js","        case 'node':","            local = (local.global.utility2_rollup || require('utility2'))","                .requireReadme();","            break;","        }","        // export local","        local.global.local = local;","    }());","","","","    // run shared js-env code - function","    (function () {","        return;","    }());","    switch (local.modeJs) {","","","","    // run browser js-env code - function","    case 'browser':","        break;","","","","    // run node js-env code - function","    case 'node':","        break;","    }","","","","    // run shared js-env code - post-init","    (function () {","        return;","    }());","    switch (local.modeJs) {","","","","    // run browser js-env code - post-init","    case 'browser':","        local.testCase_browser_nullCase = local.testCase_browser_nullCase || function (","            options,","            onError","        ) {","        /*","         * this function will test browsers's null-case handling-behavior-behavior","         */","            onError(null, options);","        };","","        // run tests","        local.nop(local.modeTest &&","            document.querySelector('#testRunButton1') &&","            document.querySelector('#testRunButton1').click());","        break;","","","","    // run node js-env code - post-init","    /* istanbul ignore next */","    case 'node':","        local.testCase_buildApidoc_default = local.testCase_buildApidoc_default || function (","            options,","            onError","        ) {","        /*","         * this function will test buildApidoc's default handling-behavior-behavior","         */","            options = { modulePathList: module.paths };","            local.buildApidoc(options, onError);","        };","","        local.testCase_buildApp_default = local.testCase_buildApp_default || function (","            options,","            onError","        ) {","        /*","         * this function will test buildApp's default handling-behavior-behavior","         */","            local.testCase_buildReadme_default(options, local.onErrorThrow);","            local.testCase_buildLib_default(options, local.onErrorThrow);","            local.testCase_buildTest_default(options, local.onErrorThrow);","            local.testCase_buildCustomOrg_default(options, local.onErrorThrow);","            options = [];","            local.buildApp(options, onError);","        };","","        local.testCase_buildCustomOrg_default = local.testCase_buildCustomOrg_default ||","            function (options, onError) {","            /*","             * this function will test buildCustomOrg's default handling-behavior","             */","                options = {};","                local.buildCustomOrg(options, onError);","            };","","        local.testCase_buildLib_default = local.testCase_buildLib_default || function (","            options,","            onError","        ) {","        /*","         * this function will test buildLib's default handling-behavior","         */","            options = {};","            local.buildLib(options, onError);","        };","","        local.testCase_buildReadme_default = local.testCase_buildReadme_default || function (","            options,","            onError","        ) {","        /*","         * this function will test buildReadme's default handling-behavior-behavior","         */","            options = {};","            local.buildReadme(options, onError);","        };","","        local.testCase_buildTest_default = local.testCase_buildTest_default || function (","            options,","            onError","        ) {","        /*","         * this function will test buildTest's default handling-behavior","         */","            options = {};","            local.buildTest(options, onError);","        };","","        local.testCase_webpage_default = local.testCase_webpage_default || function (","            options,","            onError","        ) {","        /*","         * this function will test webpage's default handling-behavior","         */","            options = { modeCoverageMerge: true, url: local.serverLocalHost + '?modeTest=1' };","            local.browserTest(options, onError);","        };","","        // run test-server","        local.testRunServer(local);","        break;","    }","}());",""],"l":{"12":2,"14":2,"19":2,"21":2,"23":2,"24":2,"25":2,"30":1,"37":2,"40":2,"43":1,"47":1,"50":1,"52":1,"55":2,"61":2,"62":2,"64":2,"70":1,"76":1,"82":2,"83":2,"85":2,"91":1,"98":1,"102":1,"105":1,"112":1,"119":1,"120":1,"123":1,"130":1,"131":1,"132":1,"133":1,"134":1,"135":1,"138":1,"143":2,"144":2,"147":1,"154":2,"155":2,"158":1,"165":2,"166":2,"169":1,"176":2,"177":2,"180":1,"187":1,"188":1,"192":1,"193":1}},"/home/travis/build/npmtest/node-npmtest-elasticlunr/lib.npmtest_elasticlunr.js":{"path":"/home/travis/build/npmtest/node-npmtest-elasticlunr/lib.npmtest_elasticlunr.js","s":{"1":2,"2":2,"3":2,"4":2,"5":2,"6":2,"7":2,"8":1,"9":2,"10":2,"11":2,"12":2,"13":1,"14":1,"15":1,"16":1},"b":{"1":[2,1,1,1],"2":[1,1,1,1],"3":[1,1],"4":[2,2],"5":[1,1]},"f":{"1":2,"2":2,"3":2},"fnMap":{"1":{"name":"(anonymous_1)","line":12,"loc":{"start":{"line":12,"column":1},"end":{"line":12,"column":13}}},"2":{"name":"(anonymous_2)","line":19,"loc":{"start":{"line":19,"column":5},"end":{"line":19,"column":17}}},"3":{"name":"(anonymous_3)","line":23,"loc":{"start":{"line":23,"column":24},"end":{"line":23,"column":36}}}},"statementMap":{"1":{"start":{"line":12,"column":0},"end":{"line":53,"column":5}},"2":{"start":{"line":14,"column":4},"end":{"line":14,"column":14}},"3":{"start":{"line":19,"column":4},"end":{"line":52,"column":9}},"4":{"start":{"line":21,"column":8},"end":{"line":21,"column":19}},"5":{"start":{"line":23,"column":8},"end":{"line":35,"column":13}},"6":{"start":{"line":24,"column":12},"end":{"line":34,"column":13}},"7":{"start":{"line":25,"column":16},"end":{"line":28,"column":30}},"8":{"start":{"line":30,"column":16},"end":{"line":33,"column":27}},"9":{"start":{"line":37,"column":8},"end":{"line":39,"column":21}},"10":{"start":{"line":41,"column":8},"end":{"line":41,"column":54}},"11":{"start":{"line":43,"column":8},"end":{"line":43,"column":56}},"12":{"start":{"line":45,"column":8},"end":{"line":51,"column":9}},"13":{"start":{"line":46,"column":12},"end":{"line":46,"column":62}},"14":{"start":{"line":48,"column":12},"end":{"line":48,"column":35}},"15":{"start":{"line":49,"column":12},"end":{"line":49,"column":49}},"16":{"start":{"line":50,"column":12},"end":{"line":50,"column":43}}},"branchMap":{"1":{"line":25,"type":"binary-expr","locations":[{"start":{"line":25,"column":23},"end":{"line":25,"column":62}},{"start":{"line":26,"column":20},"end":{"line":26,"column":70}},{"start":{"line":27,"column":20},"end":{"line":27,"column":71}},{"start":{"line":28,"column":20},"end":{"line":28,"column":29}}]},"2":{"line":30,"type":"binary-expr","locations":[{"start":{"line":30,"column":23},"end":{"line":30,"column":37}},{"start":{"line":31,"column":20},"end":{"line":31,"column":61}},{"start":{"line":32,"column":20},"end":{"line":32,"column":70}},{"start":{"line":33,"column":20},"end":{"line":33,"column":26}}]},"3":{"line":37,"type":"cond-expr","locations":[{"start":{"line":38,"column":14},"end":{"line":38,"column":20}},{"start":{"line":39,"column":14},"end":{"line":39,"column":20}}]},"4":{"line":41,"type":"binary-expr","locations":[{"start":{"line":41,"column":16},"end":{"line":41,"column":44}},{"start":{"line":41,"column":48},"end":{"line":41,"column":53}}]},"5":{"line":45,"type":"if","locations":[{"start":{"line":45,"column":8},"end":{"line":45,"column":8}},{"start":{"line":45,"column":8},"end":{"line":45,"column":8}}]}},"code":["/* istanbul instrument in package npmtest_elasticlunr */","/*jslint","    bitwise: true,","    browser: true,","    maxerr: 8,","    maxlen: 96,","    node: true,","    nomen: true,","    regexp: true,","    stupid: true","*/","(function () {","    'use strict';","    var local;","","","","    // run shared js-env code - pre-init","    (function () {","        // init local","        local = {};","        // init modeJs","        local.modeJs = (function () {","            try {","                return typeof navigator.userAgent === 'string' &&","                    typeof document.querySelector('body') === 'object' &&","                    typeof XMLHttpRequest.prototype.open === 'function' &&","                    'browser';","            } catch (errorCaughtBrowser) {","                return module.exports &&","                    typeof process.versions.node === 'string' &&","                    typeof require('http').createServer === 'function' &&","                    'node';","            }","        }());","        // init global","        local.global = local.modeJs === 'browser'","            ? window","            : global;","        // init utility2_rollup","        local = local.global.utility2_rollup || local;","        // init lib","        local.local = local.npmtest_elasticlunr = local;","        // init exports","        if (local.modeJs === 'browser') {","            local.global.utility2_npmtest_elasticlunr = local;","        } else {","            module.exports = local;","            module.exports.__dirname = __dirname;","            module.exports.module = module;","        }","    }());","}());",""],"l":{"12":2,"14":2,"19":2,"21":2,"23":2,"24":2,"25":2,"30":1,"37":2,"41":2,"43":2,"45":2,"46":1,"48":1,"49":1,"50":1}},"/home/travis/build/npmtest/node-npmtest-elasticlunr/example.js":{"path":"/home/travis/build/npmtest/node-npmtest-elasticlunr/example.js","s":{"1":2,"2":2,"3":2,"4":2,"5":2,"6":2,"7":2,"8":1,"9":2,"10":2,"11":2,"12":2,"13":1,"14":2,"15":2,"16":2,"17":2,"18":2,"19":0,"20":2,"21":1,"22":1,"23":1,"24":1,"25":1,"26":0,"27":0,"28":1,"29":1,"30":2,"31":0,"32":0,"33":0,"34":1,"35":2,"36":2,"37":3,"38":3,"39":3,"40":3,"41":0,"42":3,"43":3,"44":3,"45":1,"46":3,"47":1,"48":1,"49":1,"50":1,"51":1,"52":1,"53":1,"54":1,"55":1,"56":1,"57":0,"58":1,"59":6,"60":6,"61":1,"62":2,"63":0,"64":2,"65":1,"66":1,"67":0,"68":0,"69":0,"70":0,"71":0,"72":0,"73":0,"74":0,"75":0,"76":0,"77":0,"78":0,"79":0,"80":0,"81":0,"82":0,"83":0},"b":{"1":[2,1,1,1],"2":[1,1,1,1],"3":[1,1],"4":[2,2],"5":[1,1],"6":[1,1],"7":[2,0],"8":[2,1,1,1,1,1],"9":[0,2,0],"10":[1,1],"11":[2,1,1],"12":[1,0],"13":[0,2],"14":[2,0,0,0,0,0,0],"15":[0,3],"16":[3,0],"17":[1,1],"18":[0,1],"19":[1,2,0,2],"20":[1,0],"21":[1,1],"22":[0,0],"23":[0,0],"24":[0,0],"25":[0,0],"26":[0,0],"27":[0,0],"28":[0,0]},"f":{"1":2,"2":2,"3":2,"4":2,"5":2,"6":2,"7":3,"8":3,"9":3,"10":1,"11":6,"12":0},"fnMap":{"1":{"name":"(anonymous_1)","line":26,"loc":{"start":{"line":26,"column":1},"end":{"line":26,"column":13}}},"2":{"name":"(anonymous_2)","line":33,"loc":{"start":{"line":33,"column":5},"end":{"line":33,"column":17}}},"3":{"name":"(anonymous_3)","line":37,"loc":{"start":{"line":37,"column":24},"end":{"line":37,"column":36}}},"4":{"name":"(anonymous_4)","line":69,"loc":{"start":{"line":69,"column":31},"end":{"line":69,"column":48}},"skip":true},"5":{"name":"(anonymous_5)","line":78,"loc":{"start":{"line":78,"column":26},"end":{"line":78,"column":45}},"skip":true},"6":{"name":"(anonymous_6)","line":123,"loc":{"start":{"line":123,"column":33},"end":{"line":123,"column":48}},"skip":true},"7":{"name":"(anonymous_7)","line":125,"loc":{"start":{"line":125,"column":27},"end":{"line":125,"column":39}},"skip":true},"8":{"name":"(anonymous_8)","line":133,"loc":{"start":{"line":133,"column":59},"end":{"line":133,"column":74}},"skip":true},"9":{"name":"(anonymous_9)","line":143,"loc":{"start":{"line":143,"column":45},"end":{"line":143,"column":62}},"skip":true},"10":{"name":"(anonymous_10)","line":144,"loc":{"start":{"line":144,"column":73},"end":{"line":144,"column":92}},"skip":true},"11":{"name":"(anonymous_11)","line":272,"loc":{"start":{"line":272,"column":51},"end":{"line":272,"column":77}},"skip":true},"12":{"name":"(anonymous_12)","line":315,"loc":{"start":{"line":315,"column":32},"end":{"line":315,"column":61}},"skip":true}},"statementMap":{"1":{"start":{"line":26,"column":0},"end":{"line":326,"column":5}},"2":{"start":{"line":28,"column":4},"end":{"line":28,"column":14}},"3":{"start":{"line":33,"column":4},"end":{"line":60,"column":9}},"4":{"start":{"line":35,"column":8},"end":{"line":35,"column":19}},"5":{"start":{"line":37,"column":8},"end":{"line":49,"column":13}},"6":{"start":{"line":38,"column":12},"end":{"line":48,"column":13}},"7":{"start":{"line":39,"column":16},"end":{"line":42,"column":30}},"8":{"start":{"line":44,"column":16},"end":{"line":47,"column":27}},"9":{"start":{"line":51,"column":8},"end":{"line":53,"column":21}},"10":{"start":{"line":55,"column":8},"end":{"line":57,"column":45}},"11":{"start":{"line":59,"column":8},"end":{"line":59,"column":35}},"12":{"start":{"line":61,"column":4},"end":{"line":325,"column":5}},"13":{"start":{"line":69,"column":8},"end":{"line":121,"column":10},"skip":true},"14":{"start":{"line":70,"column":12},"end":{"line":88,"column":13},"skip":true},"15":{"start":{"line":76,"column":16},"end":{"line":87,"column":19},"skip":true},"16":{"start":{"line":79,"column":20},"end":{"line":86,"column":21},"skip":true},"17":{"start":{"line":82,"column":24},"end":{"line":82,"column":43},"skip":true},"18":{"start":{"line":83,"column":24},"end":{"line":83,"column":30},"skip":true},"19":{"start":{"line":85,"column":24},"end":{"line":85,"column":49},"skip":true},"20":{"start":{"line":89,"column":12},"end":{"line":107,"column":13},"skip":true},"21":{"start":{"line":92,"column":16},"end":{"line":102,"column":17},"skip":true},"22":{"start":{"line":93,"column":20},"end":{"line":93,"column":86},"skip":true},"23":{"start":{"line":94,"column":20},"end":{"line":95,"column":45},"skip":true},"24":{"start":{"line":96,"column":20},"end":{"line":96,"column":42},"skip":true},"25":{"start":{"line":97,"column":20},"end":{"line":97,"column":48},"skip":true},"26":{"start":{"line":100,"column":20},"end":{"line":100,"column":85},"skip":true},"27":{"start":{"line":101,"column":20},"end":{"line":101,"column":96},"skip":true},"28":{"start":{"line":103,"column":16},"end":{"line":103,"column":22},"skip":true},"29":{"start":{"line":106,"column":16},"end":{"line":106,"column":22},"skip":true},"30":{"start":{"line":108,"column":12},"end":{"line":120,"column":13},"skip":true},"31":{"start":{"line":114,"column":16},"end":{"line":119,"column":17},"skip":true},"32":{"start":{"line":116,"column":20},"end":{"line":116,"column":78},"skip":true},"33":{"start":{"line":118,"column":20},"end":{"line":118,"column":47},"skip":true},"34":{"start":{"line":123,"column":8},"end":{"line":141,"column":11},"skip":true},"35":{"start":{"line":124,"column":12},"end":{"line":124,"column":54},"skip":true},"36":{"start":{"line":125,"column":12},"end":{"line":140,"column":14},"skip":true},"37":{"start":{"line":126,"column":16},"end":{"line":126,"column":28},"skip":true},"38":{"start":{"line":127,"column":16},"end":{"line":127,"column":69},"skip":true},"39":{"start":{"line":128,"column":16},"end":{"line":128,"column":75},"skip":true},"40":{"start":{"line":129,"column":16},"end":{"line":131,"column":17},"skip":true},"41":{"start":{"line":130,"column":20},"end":{"line":130,"column":27},"skip":true},"42":{"start":{"line":133,"column":16},"end":{"line":137,"column":36},"skip":true},"43":{"start":{"line":134,"column":20},"end":{"line":136,"column":55},"skip":true},"44":{"start":{"line":139,"column":16},"end":{"line":139,"column":57},"skip":true},"45":{"start":{"line":143,"column":8},"end":{"line":147,"column":11},"skip":true},"46":{"start":{"line":144,"column":12},"end":{"line":146,"column":15},"skip":true},"47":{"start":{"line":145,"column":16},"end":{"line":145,"column":70},"skip":true},"48":{"start":{"line":149,"column":8},"end":{"line":149,"column":31},"skip":true},"49":{"start":{"line":150,"column":8},"end":{"line":150,"column":14},"skip":true},"50":{"start":{"line":158,"column":8},"end":{"line":158,"column":31},"skip":true},"51":{"start":{"line":160,"column":8},"end":{"line":160,"column":33},"skip":true},"52":{"start":{"line":161,"column":8},"end":{"line":161,"column":37},"skip":true},"53":{"start":{"line":162,"column":8},"end":{"line":162,"column":35},"skip":true},"54":{"start":{"line":164,"column":8},"end":{"line":164,"column":50},"skip":true},"55":{"start":{"line":166,"column":8},"end":{"line":256,"column":2},"skip":true},"56":{"start":{"line":258,"column":8},"end":{"line":286,"column":9},"skip":true},"57":{"start":{"line":259,"column":12},"end":{"line":269,"column":14},"skip":true},"58":{"start":{"line":271,"column":12},"end":{"line":285,"column":19},"skip":true},"59":{"start":{"line":274,"column":20},"end":{"line":274,"column":35},"skip":true},"60":{"start":{"line":275,"column":20},"end":{"line":284,"column":21},"skip":true},"61":{"start":{"line":277,"column":24},"end":{"line":277,"column":64},"skip":true},"62":{"start":{"line":279,"column":24},"end":{"line":279,"column":40},"skip":true},"63":{"start":{"line":281,"column":24},"end":{"line":281,"column":40},"skip":true},"64":{"start":{"line":283,"column":24},"end":{"line":283,"column":39},"skip":true},"65":{"start":{"line":288,"column":8},"end":{"line":290,"column":9},"skip":true},"66":{"start":{"line":289,"column":12},"end":{"line":289,"column":18},"skip":true},"67":{"start":{"line":291,"column":8},"end":{"line":293,"column":54},"skip":true},"68":{"start":{"line":296,"column":8},"end":{"line":301,"column":37},"skip":true},"69":{"start":{"line":303,"column":8},"end":{"line":303,"column":82},"skip":true},"70":{"start":{"line":306,"column":8},"end":{"line":308,"column":9},"skip":true},"71":{"start":{"line":307,"column":12},"end":{"line":307,"column":82},"skip":true},"72":{"start":{"line":310,"column":8},"end":{"line":312,"column":9},"skip":true},"73":{"start":{"line":311,"column":12},"end":{"line":311,"column":18},"skip":true},"74":{"start":{"line":313,"column":8},"end":{"line":313,"column":54},"skip":true},"75":{"start":{"line":314,"column":8},"end":{"line":314,"column":69},"skip":true},"76":{"start":{"line":315,"column":8},"end":{"line":323,"column":36},"skip":true},"77":{"start":{"line":316,"column":12},"end":{"line":316,"column":61},"skip":true},"78":{"start":{"line":317,"column":12},"end":{"line":320,"column":13},"skip":true},"79":{"start":{"line":318,"column":16},"end":{"line":318,"column":75},"skip":true},"80":{"start":{"line":319,"column":16},"end":{"line":319,"column":23},"skip":true},"81":{"start":{"line":321,"column":12},"end":{"line":321,"column":38},"skip":true},"82":{"start":{"line":322,"column":12},"end":{"line":322,"column":27},"skip":true},"83":{"start":{"line":324,"column":8},"end":{"line":324,"column":14},"skip":true}},"branchMap":{"1":{"line":39,"type":"binary-expr","locations":[{"start":{"line":39,"column":23},"end":{"line":39,"column":62}},{"start":{"line":40,"column":20},"end":{"line":40,"column":70}},{"start":{"line":41,"column":20},"end":{"line":41,"column":71}},{"start":{"line":42,"column":20},"end":{"line":42,"column":29}}]},"2":{"line":44,"type":"binary-expr","locations":[{"start":{"line":44,"column":23},"end":{"line":44,"column":37}},{"start":{"line":45,"column":20},"end":{"line":45,"column":61}},{"start":{"line":46,"column":20},"end":{"line":46,"column":70}},{"start":{"line":47,"column":20},"end":{"line":47,"column":26}}]},"3":{"line":51,"type":"cond-expr","locations":[{"start":{"line":52,"column":14},"end":{"line":52,"column":20}},{"start":{"line":53,"column":14},"end":{"line":53,"column":20}}]},"4":{"line":55,"type":"binary-expr","locations":[{"start":{"line":55,"column":16},"end":{"line":55,"column":44}},{"start":{"line":55,"column":49},"end":{"line":57,"column":43}}]},"5":{"line":55,"type":"cond-expr","locations":[{"start":{"line":56,"column":14},"end":{"line":56,"column":55}},{"start":{"line":57,"column":14},"end":{"line":57,"column":43}}]},"6":{"line":61,"type":"switch","locations":[{"start":{"line":68,"column":4},"end":{"line":150,"column":14},"skip":true},{"start":{"line":156,"column":4},"end":{"line":324,"column":14},"skip":true}]},"7":{"line":70,"type":"if","locations":[{"start":{"line":70,"column":12},"end":{"line":70,"column":12},"skip":true},{"start":{"line":70,"column":12},"end":{"line":70,"column":12},"skip":true}]},"8":{"line":70,"type":"binary-expr","locations":[{"start":{"line":70,"column":16},"end":{"line":70,"column":22},"skip":true},{"start":{"line":70,"column":27},"end":{"line":70,"column":32},"skip":true},{"start":{"line":71,"column":20},"end":{"line":71,"column":39},"skip":true},{"start":{"line":72,"column":20},"end":{"line":72,"column":49},"skip":true},{"start":{"line":73,"column":20},"end":{"line":73,"column":58},"skip":true},{"start":{"line":74,"column":20},"end":{"line":74,"column":69},"skip":true}]},"9":{"line":79,"type":"switch","locations":[{"start":{"line":80,"column":20},"end":{"line":80,"column":33},"skip":true},{"start":{"line":81,"column":20},"end":{"line":83,"column":30},"skip":true},{"start":{"line":84,"column":20},"end":{"line":85,"column":49},"skip":true}]},"10":{"line":89,"type":"switch","locations":[{"start":{"line":90,"column":12},"end":{"line":103,"column":22},"skip":true},{"start":{"line":105,"column":12},"end":{"line":106,"column":22},"skip":true}]},"11":{"line":89,"type":"binary-expr","locations":[{"start":{"line":89,"column":20},"end":{"line":89,"column":25},"skip":true},{"start":{"line":89,"column":29},"end":{"line":89,"column":48},"skip":true},{"start":{"line":89,"column":52},"end":{"line":89,"column":74},"skip":true}]},"12":{"line":92,"type":"if","locations":[{"start":{"line":92,"column":16},"end":{"line":92,"column":16},"skip":true},{"start":{"line":92,"column":16},"end":{"line":92,"column":16},"skip":true}]},"13":{"line":108,"type":"if","locations":[{"start":{"line":108,"column":12},"end":{"line":108,"column":12},"skip":true},{"start":{"line":108,"column":12},"end":{"line":108,"column":12},"skip":true}]},"14":{"line":108,"type":"binary-expr","locations":[{"start":{"line":108,"column":16},"end":{"line":108,"column":61},"skip":true},{"start":{"line":108,"column":66},"end":{"line":108,"column":72},"skip":true},{"start":{"line":108,"column":77},"end":{"line":108,"column":82},"skip":true},{"start":{"line":109,"column":20},"end":{"line":109,"column":39},"skip":true},{"start":{"line":110,"column":20},"end":{"line":110,"column":49},"skip":true},{"start":{"line":111,"column":20},"end":{"line":111,"column":58},"skip":true},{"start":{"line":112,"column":20},"end":{"line":112,"column":68},"skip":true}]},"15":{"line":129,"type":"if","locations":[{"start":{"line":129,"column":16},"end":{"line":129,"column":16},"skip":true},{"start":{"line":129,"column":16},"end":{"line":129,"column":16},"skip":true}]},"16":{"line":134,"type":"cond-expr","locations":[{"start":{"line":135,"column":26},"end":{"line":135,"column":29},"skip":true},{"start":{"line":136,"column":26},"end":{"line":136,"column":54},"skip":true}]},"17":{"line":164,"type":"binary-expr","locations":[{"start":{"line":164,"column":27},"end":{"line":164,"column":43},"skip":true},{"start":{"line":164,"column":47},"end":{"line":164,"column":49},"skip":true}]},"18":{"line":258,"type":"if","locations":[{"start":{"line":258,"column":8},"end":{"line":258,"column":8},"skip":true},{"start":{"line":258,"column":8},"end":{"line":258,"column":8},"skip":true}]},"19":{"line":275,"type":"switch","locations":[{"start":{"line":276,"column":20},"end":{"line":277,"column":64},"skip":true},{"start":{"line":278,"column":20},"end":{"line":279,"column":40},"skip":true},{"start":{"line":280,"column":20},"end":{"line":281,"column":40},"skip":true},{"start":{"line":282,"column":20},"end":{"line":283,"column":39},"skip":true}]},"20":{"line":288,"type":"if","locations":[{"start":{"line":288,"column":8},"end":{"line":288,"column":8},"skip":true},{"start":{"line":288,"column":8},"end":{"line":288,"column":8},"skip":true}]},"21":{"line":288,"type":"binary-expr","locations":[{"start":{"line":288,"column":12},"end":{"line":288,"column":40},"skip":true},{"start":{"line":288,"column":44},"end":{"line":288,"column":67},"skip":true}]},"22":{"line":292,"type":"binary-expr","locations":[{"start":{"line":292,"column":12},"end":{"line":292,"column":50},"skip":true},{"start":{"line":293,"column":12},"end":{"line":293,"column":53},"skip":true}]},"23":{"line":297,"type":"binary-expr","locations":[{"start":{"line":297,"column":12},"end":{"line":297,"column":69},"skip":true},{"start":{"line":298,"column":12},"end":{"line":301,"column":36},"skip":true}]},"24":{"line":303,"type":"binary-expr","locations":[{"start":{"line":303,"column":43},"end":{"line":303,"column":75},"skip":true},{"start":{"line":303,"column":79},"end":{"line":303,"column":81},"skip":true}]},"25":{"line":306,"type":"if","locations":[{"start":{"line":306,"column":8},"end":{"line":306,"column":8},"skip":true},{"start":{"line":306,"column":8},"end":{"line":306,"column":8},"skip":true}]},"26":{"line":310,"type":"if","locations":[{"start":{"line":310,"column":8},"end":{"line":310,"column":8},"skip":true},{"start":{"line":310,"column":8},"end":{"line":310,"column":8},"skip":true}]},"27":{"line":313,"type":"binary-expr","locations":[{"start":{"line":313,"column":27},"end":{"line":313,"column":43},"skip":true},{"start":{"line":313,"column":47},"end":{"line":313,"column":53},"skip":true}]},"28":{"line":317,"type":"if","locations":[{"start":{"line":317,"column":12},"end":{"line":317,"column":12},"skip":true},{"start":{"line":317,"column":12},"end":{"line":317,"column":12},"skip":true}]}},"code":["/*","example.js","","quickstart example","","instruction","    1. save this script as example.js","    2. run the shell command:","        $ npm install npmtest-elasticlunr && PORT=8081 node example.js","    3. play with the browser-demo on http://127.0.0.1:8081","*/","","","","/* istanbul instrument in package npmtest_elasticlunr */","/*jslint","    bitwise: true,","    browser: true,","    maxerr: 8,","    maxlen: 96,","    node: true,","    nomen: true,","    regexp: true,","    stupid: true","*/","(function () {","    'use strict';","    var local;","","","","    // run shared js-env code - pre-init","    (function () {","        // init local","        local = {};","        // init modeJs","        local.modeJs = (function () {","            try {","                return typeof navigator.userAgent === 'string' &&","                    typeof document.querySelector('body') === 'object' &&","                    typeof XMLHttpRequest.prototype.open === 'function' &&","                    'browser';","            } catch (errorCaughtBrowser) {","                return module.exports &&","                    typeof process.versions.node === 'string' &&","                    typeof require('http').createServer === 'function' &&","                    'node';","            }","        }());","        // init global","        local.global = local.modeJs === 'browser'","            ? window","            : global;","        // init utility2_rollup","        local = local.global.utility2_rollup || (local.modeJs === 'browser'","            ? local.global.utility2_npmtest_elasticlunr","            : global.utility2_moduleExports);","        // export local","        local.global.local = local;","    }());","    switch (local.modeJs) {","","","","    // post-init","    // run browser js-env code - post-init","    /* istanbul ignore next */","    case 'browser':","        local.testRunBrowser = function (event) {","            if (!event || (event &&","                    event.currentTarget &&","                    event.currentTarget.className &&","                    event.currentTarget.className.includes &&","                    event.currentTarget.className.includes('onreset'))) {","                // reset output","                Array.from(","                    document.querySelectorAll('body > .resettable')","                ).forEach(function (element) {","                    switch (element.tagName) {","                    case 'INPUT':","                    case 'TEXTAREA':","                        element.value = '';","                        break;","                    default:","                        element.textContent = '';","                    }","                });","            }","            switch (event && event.currentTarget && event.currentTarget.id) {","            case 'testRunButton1':","                // show tests","                if (document.querySelector('#testReportDiv1').style.display === 'none') {","                    document.querySelector('#testReportDiv1').style.display = 'block';","                    document.querySelector('#testRunButton1').textContent =","                        'hide internal test';","                    local.modeTest = true;","                    local.testRunDefault(local);","                // hide tests","                } else {","                    document.querySelector('#testReportDiv1').style.display = 'none';","                    document.querySelector('#testRunButton1').textContent = 'run internal test';","                }","                break;","            // custom-case","            default:","                break;","            }","            if (document.querySelector('#inputTextareaEval1') && (!event || (event &&","                    event.currentTarget &&","                    event.currentTarget.className &&","                    event.currentTarget.className.includes &&","                    event.currentTarget.className.includes('oneval')))) {","                // try to eval input-code","                try {","                    /*jslint evil: true*/","                    eval(document.querySelector('#inputTextareaEval1').value);","                } catch (errorCaught) {","                    console.error(errorCaught);","                }","            }","        };","        // log stderr and stdout to #outputTextareaStdout1","        ['error', 'log'].forEach(function (key) {","            console[key + '_original'] = console[key];","            console[key] = function () {","                var element;","                console[key + '_original'].apply(console, arguments);","                element = document.querySelector('#outputTextareaStdout1');","                if (!element) {","                    return;","                }","                // append text to #outputTextareaStdout1","                element.value += Array.from(arguments).map(function (arg) {","                    return typeof arg === 'string'","                        ? arg","                        : JSON.stringify(arg, null, 4);","                }).join(' ') + '\\n';","                // scroll textarea to bottom","                element.scrollTop = element.scrollHeight;","            };","        });","        // init event-handling","        ['change', 'click', 'keyup'].forEach(function (event) {","            Array.from(document.querySelectorAll('.on' + event)).forEach(function (element) {","                element.addEventListener(event, local.testRunBrowser);","            });","        });","        // run tests","        local.testRunBrowser();","        break;","","","","    // run node js-env code - post-init","    /* istanbul ignore next */","    case 'node':","        // export local","        module.exports = local;","        // require modules","        local.fs = require('fs');","        local.http = require('http');","        local.url = require('url');","        // init assets","        local.assetsDict = local.assetsDict || {};","        /* jslint-ignore-begin */","        local.assetsDict['/assets.index.template.html'] = '\\","<!doctype html>\\n\\","<html lang=\"en\">\\n\\","<head>\\n\\","<meta charset=\"UTF-8\">\\n\\","<meta name=\"viewport\" content=\"width=device-width, initial-scale=1\">\\n\\","<title>{{env.npm_package_name}} (v{{env.npm_package_version}})</title>\\n\\","<style>\\n\\","/*csslint\\n\\","    box-sizing: false,\\n\\","    universal-selector: false\\n\\","*/\\n\\","* {\\n\\","    box-sizing: border-box;\\n\\","}\\n\\","body {\\n\\","    background: #dde;\\n\\","    font-family: Arial, Helvetica, sans-serif;\\n\\","    margin: 2rem;\\n\\","}\\n\\","body > * {\\n\\","    margin-bottom: 1rem;\\n\\","}\\n\\",".utility2FooterDiv {\\n\\","    margin-top: 20px;\\n\\","    text-align: center;\\n\\","}\\n\\","</style>\\n\\","<style>\\n\\","/*csslint\\n\\","*/\\n\\","textarea {\\n\\","    font-family: monospace;\\n\\","    height: 10rem;\\n\\","    width: 100%;\\n\\","}\\n\\","textarea[readonly] {\\n\\","    background: #ddd;\\n\\","}\\n\\","</style>\\n\\","</head>\\n\\","<body>\\n\\","<!-- utility2-comment\\n\\","<div id=\"ajaxProgressDiv1\" style=\"background: #d00; height: 2px; left: 0; margin: 0; padding: 0; position: fixed; top: 0; transition: background 0.5s, width 1.5s; width: 25%;\"></div>\\n\\","utility2-comment -->\\n\\","<h1>\\n\\","<!-- utility2-comment\\n\\","    <a\\n\\","        {{#if env.npm_package_homepage}}\\n\\","        href=\"{{env.npm_package_homepage}}\"\\n\\","        {{/if env.npm_package_homepage}}\\n\\","        target=\"_blank\"\\n\\","    >\\n\\","utility2-comment -->\\n\\","        {{env.npm_package_name}} (v{{env.npm_package_version}})\\n\\","<!-- utility2-comment\\n\\","    </a>\\n\\","utility2-comment -->\\n\\","</h1>\\n\\","<h3>{{env.npm_package_description}}</h3>\\n\\","<!-- utility2-comment\\n\\","<h4><a download href=\"assets.app.js\">download standalone app</a></h4>\\n\\","<button class=\"onclick onreset\" id=\"testRunButton1\">run internal test</button><br>\\n\\","<div id=\"testReportDiv1\" style=\"display: none;\"></div>\\n\\","utility2-comment -->\\n\\","\\n\\","\\n\\","\\n\\","<label>stderr and stdout</label>\\n\\","<textarea class=\"resettable\" id=\"outputTextareaStdout1\" readonly></textarea>\\n\\","<!-- utility2-comment\\n\\","{{#if isRollup}}\\n\\","<script src=\"assets.app.js\"></script>\\n\\","{{#unless isRollup}}\\n\\","utility2-comment -->\\n\\","<script src=\"assets.utility2.rollup.js\"></script>\\n\\","<script src=\"jsonp.utility2._stateInit?callback=window.utility2._stateInit\"></script>\\n\\","<script src=\"assets.npmtest_elasticlunr.rollup.js\"></script>\\n\\","<script src=\"assets.example.js\"></script>\\n\\","<script src=\"assets.test.js\"></script>\\n\\","<!-- utility2-comment\\n\\","{{/if isRollup}}\\n\\","utility2-comment -->\\n\\","<div class=\"utility2FooterDiv\">\\n\\","    [ this app was created with\\n\\","    <a href=\"https://github.com/kaizhu256/node-utility2\" target=\"_blank\">utility2</a>\\n\\","    ]\\n\\","</div>\\n\\","</body>\\n\\","</html>\\n\\","';","        /* jslint-ignore-end */","        if (local.templateRender) {","            local.assetsDict['/'] = local.templateRender(","                local.assetsDict['/assets.index.template.html'],","                {","                    env: local.objectSetDefault(local.env, {","                        npm_package_description: 'the greatest app in the world!',","                        npm_package_name: 'my-app',","                        npm_package_nameAlias: 'my_app',","                        npm_package_version: '0.0.1'","                    })","                }","            );","        } else {","            local.assetsDict['/'] = local.assetsDict['/assets.index.template.html']","                .replace((/\\{\\{env\\.(\\w+?)\\}\\}/g), function (match0, match1) {","                    // jslint-hack","                    String(match0);","                    switch (match1) {","                    case 'npm_package_description':","                        return 'the greatest app in the world!';","                    case 'npm_package_name':","                        return 'my-app';","                    case 'npm_package_nameAlias':","                        return 'my_app';","                    case 'npm_package_version':","                        return '0.0.1';","                    }","                });","        }","        // run the cli","        if (local.global.utility2_rollup || module !== require.main) {","            break;","        }","        local.assetsDict['/assets.example.js'] =","            local.assetsDict['/assets.example.js'] ||","            local.fs.readFileSync(__filename, 'utf8');","        // bug-workaround - long $npm_package_buildCustomOrg","        /* jslint-ignore-begin */","        local.assetsDict['/assets.npmtest_elasticlunr.rollup.js'] =","            local.assetsDict['/assets.npmtest_elasticlunr.rollup.js'] ||","            local.fs.readFileSync(","                local.npmtest_elasticlunr.__dirname + '/lib.npmtest_elasticlunr.js',","                'utf8'","            ).replace((/^#!/), '//');","        /* jslint-ignore-end */","        local.assetsDict['/favicon.ico'] = local.assetsDict['/favicon.ico'] || '';","        // if $npm_config_timeout_exit exists,","        // then exit this process after $npm_config_timeout_exit ms","        if (Number(process.env.npm_config_timeout_exit)) {","            setTimeout(process.exit, Number(process.env.npm_config_timeout_exit));","        }","        // start server","        if (local.global.utility2_serverHttp1) {","            break;","        }","        process.env.PORT = process.env.PORT || '8081';","        console.error('server starting on port ' + process.env.PORT);","        local.http.createServer(function (request, response) {","            request.urlParsed = local.url.parse(request.url);","            if (local.assetsDict[request.urlParsed.pathname] !== undefined) {","                response.end(local.assetsDict[request.urlParsed.pathname]);","                return;","            }","            response.statusCode = 404;","            response.end();","        }).listen(process.env.PORT);","        break;","    }","}());",""],"l":{"26":2,"28":2,"33":2,"35":2,"37":2,"38":2,"39":2,"44":1,"51":2,"55":2,"59":2,"61":2,"69":1,"70":2,"76":2,"79":2,"82":2,"83":2,"85":1,"89":2,"92":1,"93":1,"94":1,"96":1,"97":1,"100":1,"101":1,"103":1,"106":1,"108":2,"114":1,"116":1,"118":1,"123":1,"124":2,"125":2,"126":3,"127":3,"128":3,"129":3,"130":1,"133":3,"134":3,"139":3,"143":1,"144":3,"145":1,"149":1,"150":1,"158":1,"160":1,"161":1,"162":1,"164":1,"166":1,"258":1,"259":1,"271":1,"274":6,"275":6,"277":1,"279":2,"281":1,"283":2,"288":1,"289":1,"291":1,"296":1,"303":1,"306":1,"307":1,"310":1,"311":1,"313":1,"314":1,"315":1,"316":1,"317":1,"318":1,"319":1,"321":1,"322":1,"324":1}},"/home/travis/build/npmtest/node-npmtest-elasticlunr/node_modules/elasticlunr/elasticlunr.js":{"path":"/home/travis/build/npmtest/node-npmtest-elasticlunr/node_modules/elasticlunr/elasticlunr.js","s":{"1":1,"2":1,"3":0,"4":0,"5":0,"6":0,"7":0,"8":1,"9":1,"10":1,"11":1,"12":1,"13":0,"14":0,"15":1,"16":0,"17":0,"18":0,"19":1,"20":0,"21":1,"22":0,"23":0,"24":0,"25":0,"26":0,"27":0,"28":0,"29":1,"30":0,"31":0,"32":0,"33":0,"34":0,"35":0,"36":0,"37":0,"38":1,"39":0,"40":0,"41":0,"42":0,"43":0,"44":1,"45":0,"46":1,"47":0,"48":0,"49":0,"50":0,"51":0,"52":0,"53":0,"54":0,"55":0,"56":0,"57":0,"58":0,"59":0,"60":0,"61":0,"62":1,"63":1,"64":1,"65":0,"66":0,"67":1,"68":0,"69":1,"70":0,"71":1,"72":0,"73":1,"74":1,"75":3,"76":0,"77":3,"78":3,"79":1,"80":0,"81":0,"82":0,"83":1,"84":0,"85":0,"86":0,"87":1,"88":0,"89":0,"90":0,"91":0,"92":0,"93":0,"94":0,"95":1,"96":0,"97":0,"98":0,"99":0,"100":1,"101":0,"102":0,"103":0,"104":0,"105":0,"106":1,"107":0,"108":0,"109":0,"110":0,"111":0,"112":1,"113":0,"114":0,"115":0,"116":0,"117":1,"118":0,"119":0,"120":0,"121":0,"122":0,"123":0,"124":0,"125":0,"126":0,"127":0,"128":1,"129":0,"130":1,"131":0,"132":1,"133":0,"134":0,"135":0,"136":1,"137":0,"138":0,"139":0,"140":0,"141":0,"142":0,"143":0,"144":0,"145":0,"146":1,"147":0,"148":0,"149":1,"150":0,"151":1,"152":0,"153":0,"154":0,"155":0,"156":0,"157":0,"158":0,"159":0,"160":0,"161":0,"162":0,"163":1,"164":0,"165":0,"166":0,"167":1,"168":0,"169":0,"170":1,"171":0,"172":0,"173":1,"174":0,"175":0,"176":0,"177":0,"178":0,"179":0,"180":0,"181":0,"182":0,"183":0,"184":0,"185":0,"186":0,"187":0,"188":0,"189":0,"190":0,"191":0,"192":0,"193":1,"194":0,"195":0,"196":0,"197":0,"198":0,"199":0,"200":0,"201":0,"202":1,"203":0,"204":0,"205":0,"206":0,"207":0,"208":0,"209":0,"210":0,"211":0,"212":0,"213":0,"214":0,"215":0,"216":1,"217":0,"218":0,"219":0,"220":0,"221":0,"222":1,"223":0,"224":0,"225":0,"226":0,"227":0,"228":0,"229":0,"230":1,"231":0,"232":1,"233":0,"234":0,"235":0,"236":0,"237":0,"238":0,"239":0,"240":0,"241":0,"242":0,"243":0,"244":0,"245":0,"246":0,"247":0,"248":0,"249":0,"250":0,"251":0,"252":0,"253":0,"254":0,"255":0,"256":1,"257":0,"258":0,"259":0,"260":0,"261":0,"262":0,"263":0,"264":0,"265":0,"266":0,"267":0,"268":0,"269":0,"270":0,"271":0,"272":0,"273":0,"274":0,"275":0,"276":0,"277":0,"278":0,"279":0,"280":0,"281":0,"282":0,"283":0,"284":0,"285":0,"286":0,"287":0,"288":0,"289":0,"290":0,"291":0,"292":0,"293":0,"294":0,"295":0,"296":1,"297":0,"298":0,"299":0,"300":0,"301":0,"302":0,"303":0,"304":0,"305":0,"306":0,"307":0,"308":0,"309":0,"310":1,"311":0,"312":0,"313":0,"314":0,"315":1,"316":0,"317":0,"318":0,"319":0,"320":0,"321":0,"322":1,"323":0,"324":0,"325":0,"326":0,"327":1,"328":0,"329":0,"330":0,"331":1,"332":0,"333":0,"334":0,"335":0,"336":0,"337":0,"338":1,"339":0,"340":0,"341":0,"342":0,"343":0,"344":0,"345":1,"346":0,"347":1,"348":0,"349":0,"350":0,"351":0,"352":0,"353":1,"354":0,"355":0,"356":0,"357":1,"358":0,"359":1,"360":0,"361":0,"362":0,"363":0,"364":0,"365":1,"366":0,"367":0,"368":0,"369":0,"370":0,"371":0,"372":0,"373":1,"374":0,"375":0,"376":0,"377":0,"378":0,"379":1,"380":0,"381":0,"382":0,"383":0,"384":0,"385":0,"386":0,"387":1,"388":0,"389":1,"390":0,"391":0,"392":0,"393":0,"394":0,"395":0,"396":0,"397":1,"398":1,"399":1,"400":1,"401":1,"402":1,"403":1,"404":1,"405":1,"406":1,"407":1,"408":1,"409":1,"410":1,"411":1,"412":1,"413":1,"414":1,"415":1,"416":1,"417":1,"418":1,"419":1,"420":0,"421":0,"422":0,"423":0,"424":0,"425":0,"426":0,"427":0,"428":0,"429":0,"430":0,"431":0,"432":0,"433":0,"434":0,"435":0,"436":0,"437":0,"438":0,"439":0,"440":0,"441":0,"442":0,"443":0,"444":0,"445":0,"446":0,"447":0,"448":0,"449":0,"450":0,"451":0,"452":0,"453":0,"454":0,"455":0,"456":0,"457":0,"458":0,"459":0,"460":0,"461":0,"462":0,"463":0,"464":0,"465":0,"466":0,"467":0,"468":0,"469":0,"470":0,"471":0,"472":0,"473":0,"474":0,"475":0,"476":0,"477":0,"478":0,"479":0,"480":0,"481":0,"482":0,"483":0,"484":0,"485":0,"486":0,"487":0,"488":0,"489":0,"490":0,"491":0,"492":0,"493":0,"494":0,"495":0,"496":0,"497":0,"498":0,"499":0,"500":0,"501":0,"502":0,"503":0,"504":0,"505":0,"506":0,"507":0,"508":1,"509":1,"510":1,"511":0,"512":0,"513":1,"514":0,"515":1,"516":0,"517":0,"518":0,"519":0,"520":1,"521":0,"522":1,"523":1,"524":1,"525":1,"526":0,"527":0,"528":0,"529":1,"530":1,"531":0,"532":1,"533":0,"534":0,"535":0,"536":1,"537":0,"538":0,"539":0,"540":0,"541":0,"542":0,"543":0,"544":0,"545":0,"546":0,"547":0,"548":0,"549":1,"550":0,"551":0,"552":0,"553":0,"554":0,"555":0,"556":0,"557":0,"558":1,"559":0,"560":0,"561":0,"562":0,"563":0,"564":0,"565":0,"566":0,"567":1,"568":0,"569":0,"570":0,"571":0,"572":1,"573":0,"574":0,"575":0,"576":0,"577":0,"578":0,"579":1,"580":0,"581":0,"582":0,"583":0,"584":1,"585":0,"586":0,"587":0,"588":0,"589":0,"590":0,"591":0,"592":0,"593":1,"594":0,"595":0,"596":0,"597":0,"598":0,"599":0,"600":0,"601":0,"602":0,"603":0,"604":0,"605":0,"606":0,"607":0,"608":0,"609":0,"610":1,"611":0,"612":1,"613":0,"614":0,"615":0,"616":0,"617":0,"618":0,"619":0,"620":0,"621":0,"622":0,"623":1,"624":0,"625":0,"626":0,"627":1,"628":0,"629":0,"630":0,"631":0,"632":0,"633":0,"634":0,"635":0,"636":0,"637":0,"638":0,"639":0,"640":0,"641":0,"642":0,"643":0,"644":0,"645":1,"646":0,"647":0,"648":1,"649":0,"650":1,"651":0,"652":1,"653":0,"654":0,"655":1,"656":0,"657":0,"658":0,"659":0,"660":1,"661":0,"662":0,"663":0,"664":0,"665":0,"666":0,"667":0,"668":1,"669":0,"670":1,"671":0,"672":1,"673":0,"674":1,"675":0,"676":0,"677":0,"678":0,"679":0,"680":0,"681":0,"682":0,"683":0,"684":0,"685":0,"686":0,"687":0,"688":0,"689":1,"690":0,"691":0,"692":0,"693":0,"694":0,"695":0,"696":0,"697":0,"698":0,"699":0,"700":0,"701":0,"702":0,"703":1,"704":0,"705":0,"706":0,"707":0,"708":0,"709":0,"710":0,"711":0,"712":0,"713":0,"714":0,"715":0,"716":0,"717":0,"718":0,"719":1,"720":0,"721":0,"722":0,"723":0,"724":1,"725":0,"726":0,"727":0,"728":0,"729":0,"730":0,"731":0,"732":0,"733":1,"734":0,"735":1,"736":1,"737":0,"738":1,"739":1,"740":0,"741":1},"b":{"1":[0,0],"2":[0,0],"3":[0,0],"4":[0,0],"5":[0,0],"6":[0,0],"7":[0,0],"8":[0,0],"9":[0,0],"10":[0,0],"11":[0,0],"12":[0,0],"13":[0,0,0],"14":[0,0],"15":[0,0],"16":[0,0],"17":[0,0],"18":[0,0,0],"19":[0,3],"20":[0,0],"21":[0,0],"22":[0,0],"23":[0,0],"24":[0,0],"25":[0,0],"26":[0,0],"27":[0,0],"28":[0,0],"29":[0,0],"30":[0,0],"31":[0,0],"32":[0,0],"33":[0,0],"34":[0,0],"35":[0,0],"36":[0,0],"37":[0,0],"38":[0,0],"39":[0,0],"40":[0,0],"41":[0,0],"42":[0,0],"43":[0,0],"44":[0,0],"45":[0,0],"46":[0,0],"47":[0,0],"48":[0,0],"49":[0,0],"50":[0,0],"51":[0,0],"52":[0,0],"53":[0,0],"54":[0,0],"55":[0,0],"56":[0,0],"57":[0,0],"58":[0,0],"59":[0,0],"60":[0,0],"61":[0,0],"62":[0,0],"63":[0,0],"64":[0,0],"65":[0,0],"66":[0,0],"67":[0,0],"68":[0,0],"69":[0,0],"70":[0,0],"71":[0,0],"72":[0,0],"73":[0,0],"74":[0,0],"75":[0,0],"76":[0,0],"77":[0,0],"78":[0,0],"79":[0,0],"80":[0,0],"81":[0,0],"82":[0,0],"83":[0,0],"84":[0,0],"85":[0,0],"86":[0,0],"87":[0,0],"88":[0,0],"89":[0,0],"90":[0,0],"91":[0,0],"92":[0,0],"93":[0,0],"94":[0,0],"95":[0,0],"96":[0,0],"97":[0,0],"98":[0,0],"99":[0,0],"100":[0,0],"101":[0,0],"102":[0,0],"103":[0,0],"104":[0,0],"105":[0,0],"106":[0,0,0],"107":[0,0],"108":[0,0],"109":[0,0],"110":[0,0],"111":[0,0],"112":[0,0],"113":[0,0],"114":[0,0],"115":[0,0],"116":[0,0],"117":[0,0],"118":[0,0],"119":[0,0],"120":[0,0],"121":[0,0],"122":[0,0],"123":[0,0],"124":[0,0],"125":[0,0],"126":[0,0],"127":[0,0],"128":[0,0],"129":[0,0],"130":[0,0],"131":[0,0],"132":[0,0],"133":[0,0],"134":[0,0],"135":[0,0],"136":[0,0],"137":[0,0],"138":[0,0],"139":[0,0],"140":[0,0],"141":[0,0],"142":[0,0],"143":[0,0],"144":[0,0],"145":[0,0],"146":[0,0],"147":[0,0],"148":[0,0],"149":[0,0],"150":[0,0],"151":[0,0],"152":[0,0],"153":[0,0],"154":[0,0],"155":[0,0],"156":[0,0],"157":[0,0],"158":[0,0],"159":[0,0],"160":[0,0],"161":[0,0],"162":[0,0],"163":[0,0],"164":[0,0],"165":[0,0],"166":[0,1],"167":[1,0],"168":[1,0]},"f":{"1":1,"2":0,"3":1,"4":0,"5":0,"6":0,"7":0,"8":0,"9":0,"10":0,"11":0,"12":0,"13":0,"14":0,"15":0,"16":0,"17":0,"18":0,"19":0,"20":0,"21":3,"22":0,"23":0,"24":0,"25":0,"26":0,"27":0,"28":0,"29":0,"30":0,"31":0,"32":0,"33":0,"34":0,"35":0,"36":0,"37":0,"38":0,"39":0,"40":0,"41":0,"42":0,"43":0,"44":0,"45":0,"46":0,"47":0,"48":0,"49":0,"50":0,"51":0,"52":0,"53":0,"54":0,"55":0,"56":0,"57":0,"58":0,"59":0,"60":0,"61":0,"62":0,"63":0,"64":0,"65":0,"66":0,"67":0,"68":0,"69":0,"70":0,"71":0,"72":0,"73":0,"74":0,"75":0,"76":0,"77":1,"78":0,"79":0,"80":0,"81":0,"82":0,"83":0,"84":0,"85":0,"86":0,"87":0,"88":0,"89":0,"90":0,"91":0,"92":0,"93":0,"94":0,"95":0,"96":0,"97":0,"98":0,"99":0,"100":0,"101":0,"102":0,"103":0,"104":0,"105":0,"106":0,"107":0,"108":0,"109":0,"110":0,"111":0,"112":0,"113":0,"114":0,"115":0,"116":1,"117":1},"fnMap":{"1":{"name":"(anonymous_1)","line":11,"loc":{"start":{"line":11,"column":1},"end":{"line":11,"column":11}}},"2":{"name":"(anonymous_2)","line":72,"loc":{"start":{"line":72,"column":18},"end":{"line":72,"column":36}}},"3":{"name":"(anonymous_3)","line":109,"loc":{"start":{"line":109,"column":26},"end":{"line":109,"column":44}}},"4":{"name":"(anonymous_4)","line":110,"loc":{"start":{"line":110,"column":9},"end":{"line":110,"column":28}}},"5":{"name":"(anonymous_5)","line":128,"loc":{"start":{"line":128,"column":29},"end":{"line":128,"column":44}}},"6":{"name":"(anonymous_6)","line":150,"loc":{"start":{"line":150,"column":27},"end":{"line":150,"column":39}}},"7":{"name":"(anonymous_7)","line":163,"loc":{"start":{"line":163,"column":49},"end":{"line":163,"column":61}}},"8":{"name":"(anonymous_8)","line":170,"loc":{"start":{"line":170,"column":16},"end":{"line":170,"column":32}}},"9":{"name":"(anonymous_9)","line":183,"loc":{"start":{"line":183,"column":52},"end":{"line":183,"column":72}}},"10":{"name":"(anonymous_10)","line":203,"loc":{"start":{"line":203,"column":42},"end":{"line":203,"column":58}}},"11":{"name":"(anonymous_11)","line":208,"loc":{"start":{"line":208,"column":28},"end":{"line":208,"column":42}}},"12":{"name":"(anonymous_12)","line":220,"loc":{"start":{"line":220,"column":48},"end":{"line":220,"column":64}}},"13":{"name":"(anonymous_13)","line":242,"loc":{"start":{"line":242,"column":24},"end":{"line":242,"column":39}}},"14":{"name":"(anonymous_14)","line":245,"loc":{"start":{"line":245,"column":25},"end":{"line":245,"column":41}}},"15":{"name":"(anonymous_15)","line":253,"loc":{"start":{"line":253,"column":18},"end":{"line":253,"column":31}}},"16":{"name":"(anonymous_16)","line":258,"loc":{"start":{"line":258,"column":16},"end":{"line":258,"column":31}}},"17":{"name":"(anonymous_17)","line":288,"loc":{"start":{"line":288,"column":37},"end":{"line":288,"column":51}}},"18":{"name":"(anonymous_18)","line":298,"loc":{"start":{"line":298,"column":39},"end":{"line":298,"column":50}}},"19":{"name":"(anonymous_19)","line":306,"loc":{"start":{"line":306,"column":37},"end":{"line":306,"column":48}}},"20":{"name":"(anonymous_20)","line":341,"loc":{"start":{"line":341,"column":23},"end":{"line":341,"column":35}}},"21":{"name":"(anonymous_21)","line":360,"loc":{"start":{"line":360,"column":40},"end":{"line":360,"column":61}}},"22":{"name":"(anonymous_22)","line":376,"loc":{"start":{"line":376,"column":45},"end":{"line":376,"column":62}}},"23":{"name":"(anonymous_23)","line":391,"loc":{"start":{"line":391,"column":51},"end":{"line":391,"column":65}}},"24":{"name":"(anonymous_24)","line":410,"loc":{"start":{"line":410,"column":28},"end":{"line":410,"column":50}}},"25":{"name":"(anonymous_25)","line":413,"loc":{"start":{"line":413,"column":21},"end":{"line":413,"column":39}}},"26":{"name":"(anonymous_26)","line":434,"loc":{"start":{"line":434,"column":37},"end":{"line":434,"column":49}}},"27":{"name":"(anonymous_27)","line":437,"loc":{"start":{"line":437,"column":14},"end":{"line":437,"column":28}}},"28":{"name":"(anonymous_28)","line":454,"loc":{"start":{"line":454,"column":39},"end":{"line":454,"column":68}}},"29":{"name":"(anonymous_29)","line":476,"loc":{"start":{"line":476,"column":40},"end":{"line":476,"column":69}}},"30":{"name":"(anonymous_30)","line":493,"loc":{"start":{"line":493,"column":40},"end":{"line":493,"column":54}}},"31":{"name":"(anonymous_31)","line":510,"loc":{"start":{"line":510,"column":37},"end":{"line":510,"column":55}}},"32":{"name":"(anonymous_32)","line":534,"loc":{"start":{"line":534,"column":39},"end":{"line":534,"column":51}}},"33":{"name":"(anonymous_33)","line":543,"loc":{"start":{"line":543,"column":38},"end":{"line":543,"column":50}}},"34":{"name":"(anonymous_34)","line":558,"loc":{"start":{"line":558,"column":40},"end":{"line":558,"column":52}}},"35":{"name":"(anonymous_35)","line":559,"loc":{"start":{"line":559,"column":25},"end":{"line":559,"column":39}}},"36":{"name":"(anonymous_36)","line":577,"loc":{"start":{"line":577,"column":20},"end":{"line":577,"column":32}}},"37":{"name":"(anonymous_37)","line":586,"loc":{"start":{"line":586,"column":38},"end":{"line":586,"column":50}}},"38":{"name":"(anonymous_38)","line":600,"loc":{"start":{"line":600,"column":33},"end":{"line":600,"column":45}}},"39":{"name":"(anonymous_39)","line":612,"loc":{"start":{"line":612,"column":34},"end":{"line":612,"column":54}}},"40":{"name":"(anonymous_40)","line":626,"loc":{"start":{"line":626,"column":25},"end":{"line":626,"column":51}}},"41":{"name":"(anonymous_41)","line":659,"loc":{"start":{"line":659,"column":39},"end":{"line":659,"column":60}}},"42":{"name":"(anonymous_42)","line":678,"loc":{"start":{"line":678,"column":37},"end":{"line":678,"column":56}}},"43":{"name":"(anonymous_43)","line":693,"loc":{"start":{"line":693,"column":43},"end":{"line":693,"column":59}}},"44":{"name":"(anonymous_44)","line":713,"loc":{"start":{"line":713,"column":37},"end":{"line":713,"column":63}}},"45":{"name":"(anonymous_45)","line":720,"loc":{"start":{"line":720,"column":23},"end":{"line":720,"column":40}}},"46":{"name":"(anonymous_46)","line":725,"loc":{"start":{"line":725,"column":24},"end":{"line":725,"column":41}}},"47":{"name":"(anonymous_47)","line":756,"loc":{"start":{"line":756,"column":45},"end":{"line":756,"column":74}}},"48":{"name":"(anonymous_48)","line":783,"loc":{"start":{"line":783,"column":40},"end":{"line":783,"column":66}}},"49":{"name":"(anonymous_49)","line":793,"loc":{"start":{"line":793,"column":23},"end":{"line":793,"column":40}}},"50":{"name":"(anonymous_50)","line":795,"loc":{"start":{"line":795,"column":24},"end":{"line":795,"column":41}}},"51":{"name":"(anonymous_51)","line":823,"loc":{"start":{"line":823,"column":40},"end":{"line":823,"column":66}}},"52":{"name":"(anonymous_52)","line":841,"loc":{"start":{"line":841,"column":34},"end":{"line":841,"column":57}}},"53":{"name":"(anonymous_53)","line":857,"loc":{"start":{"line":857,"column":40},"end":{"line":857,"column":52}}},"54":{"name":"(anonymous_54)","line":886,"loc":{"start":{"line":886,"column":37},"end":{"line":886,"column":66}}},"55":{"name":"(anonymous_55)","line":922,"loc":{"start":{"line":922,"column":15},"end":{"line":922,"column":31}}},"56":{"name":"(anonymous_56)","line":934,"loc":{"start":{"line":934,"column":42},"end":{"line":934,"column":84}}},"57":{"name":"(anonymous_57)","line":946,"loc":{"start":{"line":946,"column":22},"end":{"line":946,"column":39}}},"58":{"name":"(anonymous_58)","line":970,"loc":{"start":{"line":970,"column":19},"end":{"line":970,"column":34}}},"59":{"name":"(anonymous_59)","line":1040,"loc":{"start":{"line":1040,"column":42},"end":{"line":1040,"column":77}}},"60":{"name":"(anonymous_60)","line":1074,"loc":{"start":{"line":1074,"column":47},"end":{"line":1074,"column":81}}},"61":{"name":"(anonymous_61)","line":1096,"loc":{"start":{"line":1096,"column":40},"end":{"line":1096,"column":72}}},"62":{"name":"(anonymous_62)","line":1112,"loc":{"start":{"line":1112,"column":37},"end":{"line":1112,"column":49}}},"63":{"name":"(anonymous_63)","line":1114,"loc":{"start":{"line":1114,"column":23},"end":{"line":1114,"column":40}}},"64":{"name":"(anonymous_64)","line":1154,"loc":{"start":{"line":1154,"column":34},"end":{"line":1154,"column":52}}},"65":{"name":"(anonymous_65)","line":1178,"loc":{"start":{"line":1178,"column":28},"end":{"line":1178,"column":44}}},"66":{"name":"(anonymous_66)","line":1196,"loc":{"start":{"line":1196,"column":33},"end":{"line":1196,"column":59}}},"67":{"name":"(anonymous_67)","line":1212,"loc":{"start":{"line":1212,"column":50},"end":{"line":1212,"column":62}}},"68":{"name":"(anonymous_68)","line":1225,"loc":{"start":{"line":1225,"column":45},"end":{"line":1225,"column":68}}},"69":{"name":"(anonymous_69)","line":1245,"loc":{"start":{"line":1245,"column":45},"end":{"line":1245,"column":63}}},"70":{"name":"(anonymous_70)","line":1257,"loc":{"start":{"line":1257,"column":45},"end":{"line":1257,"column":63}}},"71":{"name":"(anonymous_71)","line":1267,"loc":{"start":{"line":1267,"column":48},"end":{"line":1267,"column":66}}},"72":{"name":"(anonymous_72)","line":1283,"loc":{"start":{"line":1283,"column":53},"end":{"line":1283,"column":90}}},"73":{"name":"(anonymous_73)","line":1299,"loc":{"start":{"line":1299,"column":56},"end":{"line":1299,"column":93}}},"74":{"name":"(anonymous_74)","line":1313,"loc":{"start":{"line":1313,"column":53},"end":{"line":1313,"column":82}}},"75":{"name":"(anonymous_75)","line":1327,"loc":{"start":{"line":1327,"column":45},"end":{"line":1327,"column":57}}},"76":{"name":"clone","line":1342,"loc":{"start":{"line":1342,"column":0},"end":{"line":1342,"column":20}}},"77":{"name":"(anonymous_77)","line":1369,"loc":{"start":{"line":1369,"column":23},"end":{"line":1369,"column":33}}},"78":{"name":"porterStemmer","line":1440,"loc":{"start":{"line":1440,"column":22},"end":{"line":1440,"column":48}}},"79":{"name":"(anonymous_79)","line":1591,"loc":{"start":{"line":1591,"column":29},"end":{"line":1591,"column":46}}},"80":{"name":"(anonymous_80)","line":1604,"loc":{"start":{"line":1604,"column":29},"end":{"line":1604,"column":41}}},"81":{"name":"(anonymous_81)","line":1615,"loc":{"start":{"line":1615,"column":27},"end":{"line":1615,"column":44}}},"82":{"name":"(anonymous_82)","line":1618,"loc":{"start":{"line":1618,"column":16},"end":{"line":1618,"column":32}}},"83":{"name":"(anonymous_83)","line":1629,"loc":{"start":{"line":1629,"column":29},"end":{"line":1629,"column":41}}},"84":{"name":"(anonymous_84)","line":1779,"loc":{"start":{"line":1779,"column":22},"end":{"line":1779,"column":39}}},"85":{"name":"(anonymous_85)","line":1802,"loc":{"start":{"line":1802,"column":28},"end":{"line":1802,"column":40}}},"86":{"name":"(anonymous_86)","line":1812,"loc":{"start":{"line":1812,"column":33},"end":{"line":1812,"column":59}}},"87":{"name":"(anonymous_87)","line":1837,"loc":{"start":{"line":1837,"column":47},"end":{"line":1837,"column":81}}},"88":{"name":"(anonymous_88)","line":1868,"loc":{"start":{"line":1868,"column":47},"end":{"line":1868,"column":64}}},"89":{"name":"(anonymous_89)","line":1891,"loc":{"start":{"line":1891,"column":46},"end":{"line":1891,"column":63}}},"90":{"name":"(anonymous_90)","line":1913,"loc":{"start":{"line":1913,"column":46},"end":{"line":1913,"column":63}}},"91":{"name":"(anonymous_91)","line":1932,"loc":{"start":{"line":1932,"column":55},"end":{"line":1932,"column":80}}},"92":{"name":"(anonymous_92)","line":1955,"loc":{"start":{"line":1955,"column":49},"end":{"line":1955,"column":66}}},"93":{"name":"(anonymous_93)","line":1973,"loc":{"start":{"line":1973,"column":50},"end":{"line":1973,"column":72}}},"94":{"name":"(anonymous_94)","line":1993,"loc":{"start":{"line":1993,"column":50},"end":{"line":1993,"column":79}}},"95":{"name":"(anonymous_95)","line":2019,"loc":{"start":{"line":2019,"column":45},"end":{"line":2019,"column":57}}},"96":{"name":"(anonymous_96)","line":2101,"loc":{"start":{"line":2101,"column":28},"end":{"line":2101,"column":54}}},"97":{"name":"(anonymous_97)","line":2125,"loc":{"start":{"line":2125,"column":57},"end":{"line":2125,"column":75}}},"98":{"name":"(anonymous_98)","line":2127,"loc":{"start":{"line":2127,"column":17},"end":{"line":2127,"column":34}}},"99":{"name":"(anonymous_99)","line":2142,"loc":{"start":{"line":2142,"column":54},"end":{"line":2142,"column":80}}},"100":{"name":"(anonymous_100)","line":2185,"loc":{"start":{"line":2185,"column":62},"end":{"line":2185,"column":94}}},"101":{"name":"(anonymous_101)","line":2186,"loc":{"start":{"line":2186,"column":17},"end":{"line":2186,"column":34}}},"102":{"name":"(anonymous_102)","line":2198,"loc":{"start":{"line":2198,"column":42},"end":{"line":2198,"column":54}}},"103":{"name":"(anonymous_103)","line":2205,"loc":{"start":{"line":2205,"column":44},"end":{"line":2205,"column":56}}},"104":{"name":"(anonymous_104)","line":2227,"loc":{"start":{"line":2227,"column":17},"end":{"line":2227,"column":29}}},"105":{"name":"(anonymous_105)","line":2239,"loc":{"start":{"line":2239,"column":22},"end":{"line":2239,"column":48}}},"106":{"name":"(anonymous_106)","line":2255,"loc":{"start":{"line":2255,"column":31},"end":{"line":2255,"column":43}}},"107":{"name":"(anonymous_107)","line":2273,"loc":{"start":{"line":2273,"column":35},"end":{"line":2273,"column":47}}},"108":{"name":"(anonymous_108)","line":2290,"loc":{"start":{"line":2290,"column":31},"end":{"line":2290,"column":50}}},"109":{"name":"(anonymous_109)","line":2305,"loc":{"start":{"line":2305,"column":35},"end":{"line":2305,"column":54}}},"110":{"name":"(anonymous_110)","line":2317,"loc":{"start":{"line":2317,"column":35},"end":{"line":2317,"column":51}}},"111":{"name":"(anonymous_111)","line":2351,"loc":{"start":{"line":2351,"column":39},"end":{"line":2351,"column":55}}},"112":{"name":"(anonymous_112)","line":2379,"loc":{"start":{"line":2379,"column":37},"end":{"line":2379,"column":57}}},"113":{"name":"(anonymous_113)","line":2414,"loc":{"start":{"line":2414,"column":33},"end":{"line":2414,"column":45}}},"114":{"name":"(anonymous_114)","line":2431,"loc":{"start":{"line":2431,"column":33},"end":{"line":2431,"column":53}}},"115":{"name":"(anonymous_115)","line":2455,"loc":{"start":{"line":2455,"column":34},"end":{"line":2455,"column":46}}},"116":{"name":"(anonymous_116)","line":2462,"loc":{"start":{"line":2462,"column":4},"end":{"line":2462,"column":29}}},"117":{"name":"(anonymous_117)","line":2477,"loc":{"start":{"line":2477,"column":10},"end":{"line":2477,"column":22}}}},"statementMap":{"1":{"start":{"line":11,"column":0},"end":{"line":2485,"column":5}},"2":{"start":{"line":72,"column":0},"end":{"line":84,"column":2}},"3":{"start":{"line":73,"column":2},"end":{"line":73,"column":34}},"4":{"start":{"line":75,"column":2},"end":{"line":79,"column":4}},"5":{"start":{"line":81,"column":2},"end":{"line":81,"column":36}},"6":{"start":{"line":81,"column":14},"end":{"line":81,"column":36}},"7":{"start":{"line":83,"column":2},"end":{"line":83,"column":13}},"8":{"start":{"line":86,"column":0},"end":{"line":86,"column":30}},"9":{"start":{"line":90,"column":0},"end":{"line":90,"column":19}},"10":{"start":{"line":101,"column":0},"end":{"line":101,"column":23}},"11":{"start":{"line":109,"column":0},"end":{"line":115,"column":9}},"12":{"start":{"line":110,"column":2},"end":{"line":114,"column":4}},"13":{"start":{"line":111,"column":4},"end":{"line":113,"column":5}},"14":{"start":{"line":112,"column":6},"end":{"line":112,"column":28}},"15":{"start":{"line":128,"column":0},"end":{"line":134,"column":2}},"16":{"start":{"line":129,"column":2},"end":{"line":131,"column":3}},"17":{"start":{"line":130,"column":4},"end":{"line":130,"column":14}},"18":{"start":{"line":133,"column":2},"end":{"line":133,"column":24}},"19":{"start":{"line":150,"column":0},"end":{"line":152,"column":2}},"20":{"start":{"line":151,"column":2},"end":{"line":151,"column":19}},"21":{"start":{"line":163,"column":0},"end":{"line":174,"column":2}},"22":{"start":{"line":164,"column":2},"end":{"line":166,"column":19}},"23":{"start":{"line":168,"column":2},"end":{"line":168,"column":89}},"24":{"start":{"line":168,"column":32},"end":{"line":168,"column":89}},"25":{"start":{"line":170,"column":2},"end":{"line":173,"column":11}},"26":{"start":{"line":171,"column":4},"end":{"line":171,"column":55}},"27":{"start":{"line":171,"column":32},"end":{"line":171,"column":55}},"28":{"start":{"line":172,"column":4},"end":{"line":172,"column":31}},"29":{"start":{"line":183,"column":0},"end":{"line":192,"column":2}},"30":{"start":{"line":184,"column":2},"end":{"line":184,"column":37}},"31":{"start":{"line":184,"column":30},"end":{"line":184,"column":37}},"32":{"start":{"line":186,"column":2},"end":{"line":186,"column":46}},"33":{"start":{"line":187,"column":2},"end":{"line":187,"column":29}},"34":{"start":{"line":187,"column":22},"end":{"line":187,"column":29}},"35":{"start":{"line":189,"column":2},"end":{"line":189,"column":39}},"36":{"start":{"line":191,"column":2},"end":{"line":191,"column":62}},"37":{"start":{"line":191,"column":37},"end":{"line":191,"column":62}},"38":{"start":{"line":203,"column":0},"end":{"line":211,"column":2}},"39":{"start":{"line":204,"column":2},"end":{"line":204,"column":37}},"40":{"start":{"line":204,"column":30},"end":{"line":204,"column":37}},"41":{"start":{"line":206,"column":2},"end":{"line":206,"column":54}},"42":{"start":{"line":208,"column":2},"end":{"line":210,"column":11}},"43":{"start":{"line":209,"column":4},"end":{"line":209,"column":30}},"44":{"start":{"line":220,"column":0},"end":{"line":222,"column":2}},"45":{"start":{"line":221,"column":2},"end":{"line":221,"column":29}},"46":{"start":{"line":242,"column":0},"end":{"line":267,"column":2}},"47":{"start":{"line":243,"column":2},"end":{"line":243,"column":72}},"48":{"start":{"line":243,"column":62},"end":{"line":243,"column":72}},"49":{"start":{"line":244,"column":2},"end":{"line":264,"column":3}},"50":{"start":{"line":245,"column":4},"end":{"line":251,"column":7}},"51":{"start":{"line":246,"column":6},"end":{"line":248,"column":7}},"52":{"start":{"line":247,"column":8},"end":{"line":247,"column":21}},"53":{"start":{"line":250,"column":6},"end":{"line":250,"column":18}},"54":{"start":{"line":253,"column":4},"end":{"line":255,"column":7}},"55":{"start":{"line":254,"column":6},"end":{"line":254,"column":57}},"56":{"start":{"line":257,"column":4},"end":{"line":257,"column":17}},"57":{"start":{"line":258,"column":4},"end":{"line":261,"column":13}},"58":{"start":{"line":259,"column":6},"end":{"line":259,"column":63}},"59":{"start":{"line":260,"column":6},"end":{"line":260,"column":31}},"60":{"start":{"line":263,"column":4},"end":{"line":263,"column":15}},"61":{"start":{"line":266,"column":2},"end":{"line":266,"column":84}},"62":{"start":{"line":272,"column":0},"end":{"line":272,"column":51}},"63":{"start":{"line":281,"column":0},"end":{"line":281,"column":73}},"64":{"start":{"line":288,"column":0},"end":{"line":292,"column":1}},"65":{"start":{"line":289,"column":4},"end":{"line":291,"column":5}},"66":{"start":{"line":290,"column":8},"end":{"line":290,"column":46}},"67":{"start":{"line":298,"column":0},"end":{"line":300,"column":1}},"68":{"start":{"line":299,"column":4},"end":{"line":299,"column":77}},"69":{"start":{"line":306,"column":0},"end":{"line":308,"column":1}},"70":{"start":{"line":307,"column":4},"end":{"line":307,"column":43}},"71":{"start":{"line":341,"column":0},"end":{"line":343,"column":2}},"72":{"start":{"line":342,"column":2},"end":{"line":342,"column":19}},"73":{"start":{"line":345,"column":0},"end":{"line":345,"column":46}},"74":{"start":{"line":360,"column":0},"end":{"line":367,"column":2}},"75":{"start":{"line":361,"column":2},"end":{"line":363,"column":3}},"76":{"start":{"line":362,"column":4},"end":{"line":362,"column":81}},"77":{"start":{"line":365,"column":2},"end":{"line":365,"column":19}},"78":{"start":{"line":366,"column":2},"end":{"line":366,"column":55}},"79":{"start":{"line":376,"column":0},"end":{"line":382,"column":2}},"80":{"start":{"line":377,"column":2},"end":{"line":379,"column":3}},"81":{"start":{"line":378,"column":4},"end":{"line":378,"column":16}},"82":{"start":{"line":381,"column":2},"end":{"line":381,"column":57}},"83":{"start":{"line":391,"column":0},"end":{"line":397,"column":2}},"84":{"start":{"line":392,"column":2},"end":{"line":392,"column":72}},"85":{"start":{"line":394,"column":2},"end":{"line":396,"column":3}},"86":{"start":{"line":395,"column":4},"end":{"line":395,"column":130}},"87":{"start":{"line":410,"column":0},"end":{"line":424,"column":2}},"88":{"start":{"line":411,"column":2},"end":{"line":411,"column":42}},"89":{"start":{"line":413,"column":2},"end":{"line":421,"column":5}},"90":{"start":{"line":414,"column":4},"end":{"line":414,"column":64}},"91":{"start":{"line":416,"column":4},"end":{"line":420,"column":5}},"92":{"start":{"line":417,"column":6},"end":{"line":417,"column":23}},"93":{"start":{"line":419,"column":6},"end":{"line":419,"column":71}},"94":{"start":{"line":423,"column":2},"end":{"line":423,"column":18}},"95":{"start":{"line":434,"column":0},"end":{"line":441,"column":2}},"96":{"start":{"line":435,"column":2},"end":{"line":435,"column":50}},"97":{"start":{"line":437,"column":2},"end":{"line":440,"column":11}},"98":{"start":{"line":438,"column":4},"end":{"line":438,"column":57}},"99":{"start":{"line":439,"column":4},"end":{"line":439,"column":25}},"100":{"start":{"line":454,"column":0},"end":{"line":463,"column":2}},"101":{"start":{"line":455,"column":2},"end":{"line":455,"column":58}},"102":{"start":{"line":457,"column":2},"end":{"line":457,"column":44}},"103":{"start":{"line":458,"column":2},"end":{"line":460,"column":3}},"104":{"start":{"line":459,"column":4},"end":{"line":459,"column":46}},"105":{"start":{"line":462,"column":2},"end":{"line":462,"column":40}},"106":{"start":{"line":476,"column":0},"end":{"line":485,"column":2}},"107":{"start":{"line":477,"column":2},"end":{"line":477,"column":58}},"108":{"start":{"line":479,"column":2},"end":{"line":479,"column":44}},"109":{"start":{"line":480,"column":2},"end":{"line":482,"column":3}},"110":{"start":{"line":4
[...]
106":0,"108":0,"109":0,"112":0,"113":0,"114":0,"115":0,"116":0,"117":0,"118":0,"119":0,"121":0,"122":0,"123":0,"124":0,"125":0,"126":0,"127":0,"128":0,"129":0,"130":0,"131":0,"132":0,"137":0,"138":0,"139":0,"140":0,"141":0,"145":0,"146":0,"147":0,"148":0,"149":0,"150":0,"151":0,"152":0,"157":0,"158":0,"159":0,"160":0,"161":0,"162":0,"163":0,"164":0,"169":0,"170":0,"171":0,"172":0,"173":0,"174":0,"175":0,"176":0,"178":0,"179":0,"180":0,"181":0,"182":0,"183":0,"188":0,"189":0,"190":0,"191":0,"192":0,"193":0,"194":0,"195":0,"196":0,"200":0,"201":0,"202":0,"203":0,"204":0,"209":0,"210":0,"213":0,"216":0,"219":0}},"/home/travis/build/npmtest/node-npmtest-elasticlunr/node_modules/elasticlunr/lib/stop_word_filter.js":{"path":"/home/travis/build/npmtest/node-npmtest-elasticlunr/node_modules/elasticlunr/lib/stop_word_filter.js","s":{"1":2,"2":0,"3":0,"4":0,"5":0,"6":0,"7":0,"8":0,"9":0,"10":0,"11":0,"12":0,"13":0,"14":0,"15":0},"b":{"1":[0,0],"2":[0,0],"3":[0,0],"4":[0,0]},"f":{"1":0,"2":0,"3":0,"4":0,"5":0},"fnMap":{"1":{"name":"(anonymous_1)","line":20,"loc":{"start":{"line":20,"column":29},"end":{"line":20,"column":46}}},"2":{"name":"(anonymous_2)","line":33,"loc":{"start":{"line":33,"column":29},"end":{"line":33,"column":41}}},"3":{"name":"(anonymous_3)","line":44,"loc":{"start":{"line":44,"column":27},"end":{"line":44,"column":44}}},"4":{"name":"(anonymous_4)","line":47,"loc":{"start":{"line":47,"column":16},"end":{"line":47,"column":32}}},"5":{"name":"(anonymous_5)","line":58,"loc":{"start":{"line":58,"column":29},"end":{"line":58,"column":41}}}},"statementMap":{"1":{"start":{"line":20,"column":0},"end":{"line":24,"column":2}},"2":{"start":{"line":21,"column":2},"end":{"line":23,"column":3}},"3":{"start":{"line":22,"column":4},"end":{"line":22,"column":17}},"4":{"start":{"line":33,"column":0},"end":{"line":35,"column":2}},"5":{"start":{"line":34,"column":2},"end":{"line":34,"column":44}},"6":{"start":{"line":44,"column":0},"end":{"line":50,"column":2}},"7":{"start":{"line":45,"column":2},"end":{"line":45,"column":62}},"8":{"start":{"line":45,"column":55},"end":{"line":45,"column":62}},"9":{"start":{"line":47,"column":2},"end":{"line":49,"column":11}},"10":{"start":{"line":48,"column":4},"end":{"line":48,"column":54}},"11":{"start":{"line":58,"column":0},"end":{"line":60,"column":2}},"12":{"start":{"line":59,"column":2},"end":{"line":59,"column":70}},"13":{"start":{"line":62,"column":0},"end":{"line":183,"column":2}},"14":{"start":{"line":185,"column":0},"end":{"line":185,"column":68}},"15":{"start":{"line":187,"column":0},"end":{"line":187,"column":84}}},"branchMap":{"1":{"line":21,"type":"if","locations":[{"start":{"line":21,"column":2},"end":{"line":21,"column":2}},{"start":{"line":21,"column":2},"end":{"line":21,"column":2}}]},"2":{"line":21,"type":"binary-expr","locations":[{"start":{"line":21,"column":6},"end":{"line":21,"column":11}},{"start":{"line":21,"column":15},"end":{"line":21,"column":67}}]},"3":{"line":45,"type":"if","locations":[{"start":{"line":45,"column":2},"end":{"line":45,"column":2}},{"start":{"line":45,"column":2},"end":{"line":45,"column":2}}]},"4":{"line":45,"type":"binary-expr","locations":[{"start":{"line":45,"column":6},"end":{"line":45,"column":19}},{"start":{"line":45,"column":23},"end":{"line":45,"column":53}}]}},"code":["/*!"," * elasticlunr.stopWordFilter"," * Copyright (C) @YEAR Oliver Nightingale"," * Copyright (C) @YEAR Wei Song"," */","","/**"," * elasticlunr.stopWordFilter is an English language stop words filter, any words"," * contained in the stop word list will not be passed through the filter."," *"," * This is intended to be used in the Pipeline. If the token does not pass the"," * filter then undefined will be returned."," * Currently this StopwordFilter using dictionary to do O(1) time complexity stop word filtering."," *"," * @module"," * @param {String} token The token to pass through the filter"," * @return {String}"," * @see elasticlunr.Pipeline"," */","elasticlunr.stopWordFilter = function (token) {","  if (token && elasticlunr.stopWordFilter.stopWords[token] !== true) {","    return token;","  }","};","","/**"," * Remove predefined stop words"," * if user want to use customized stop words, user could use this function to delete"," * all predefined stopwords."," *"," * @return {null}"," */","elasticlunr.clearStopWords = function () {","  elasticlunr.stopWordFilter.stopWords = {};","};","","/**"," * Add customized stop words"," * user could use this function to add customized stop words"," * "," * @params {Array} words customized stop words"," * @return {null}"," */","elasticlunr.addStopWords = function (words) {","  if (words == null || Array.isArray(words) === false) return;","","  words.forEach(function (word) {","    elasticlunr.stopWordFilter.stopWords[word] = true;","  }, this);","};","","/**"," * Reset to default stop words"," * user could use this function to restore default stop words"," *"," * @return {null}"," */","elasticlunr.resetStopWords = function () {","  elasticlunr.stopWordFilter.stopWords = elasticlunr.defaultStopWords;","};","","elasticlunr.defaultStopWords = {","  \"\": true,","  \"a\": true,","  \"able\": true,","  \"about\": true,","  \"across\": true,","  \"after\": true,","  \"all\": true,","  \"almost\": true,","  \"also\": true,","  \"am\": true,","  \"among\": true,","  \"an\": true,","  \"and\": true,","  \"any\": true,","  \"are\": true,","  \"as\": true,","  \"at\": true,","  \"be\": true,","  \"because\": true,","  \"been\": true,","  \"but\": true,","  \"by\": true,","  \"can\": true,","  \"cannot\": true,","  \"could\": true,","  \"dear\": true,","  \"did\": true,","  \"do\": true,","  \"does\": true,","  \"either\": true,","  \"else\": true,","  \"ever\": true,","  \"every\": true,","  \"for\": true,","  \"from\": true,","  \"get\": true,","  \"got\": true,","  \"had\": true,","  \"has\": true,","  \"have\": true,","  \"he\": true,","  \"her\": true,","  \"hers\": true,","  \"him\": true,","  \"his\": true,","  \"how\": true,","  \"however\": true,","  \"i\": true,","  \"if\": true,","  \"in\": true,","  \"into\": true,","  \"is\": true,","  \"it\": true,","  \"its\": true,","  \"just\": true,","  \"least\": true,","  \"let\": true,","  \"like\": true,","  \"likely\": true,","  \"may\": true,","  \"me\": true,","  \"might\": true,","  \"most\": true,","  \"must\": true,","  \"my\": true,","  \"neither\": true,","  \"no\": true,","  \"nor\": true,","  \"not\": true,","  \"of\": true,","  \"off\": true,","  \"often\": true,","  \"on\": true,","  \"only\": true,","  \"or\": true,","  \"other\": true,","  \"our\": true,","  \"own\": true,","  \"rather\": true,","  \"said\": true,","  \"say\": true,","  \"says\": true,","  \"she\": true,","  \"should\": true,","  \"since\": true,","  \"so\": true,","  \"some\": true,","  \"than\": true,","  \"that\": true,","  \"the\": true,","  \"their\": true,","  \"them\": true,","  \"then\": true,","  \"there\": true,","  \"these\": true,","  \"they\": true,","  \"this\": true,","  \"tis\": true,","  \"to\": true,","  \"too\": true,","  \"twas\": true,","  \"us\": true,","  \"wants\": true,","  \"was\": true,","  \"we\": true,","  \"were\": true,","  \"what\": true,","  \"when\": true,","  \"where\": true,","  \"which\": true,","  \"while\": true,","  \"who\": true,","  \"whom\": true,","  \"why\": true,","  \"will\": true,","  \"with\": true,","  \"would\": true,","  \"yet\": true,","  \"you\": true,","  \"your\": true","};","","elasticlunr.stopWordFilter.stopWords = elasticlunr.defaultStopWords;","","elasticlunr.Pipeline.registerFunction(elasticlunr.stopWordFilter, 'stopWordFilter');",""],"l":{"20":2,"21":0,"22":0,"33":0,"34":0,"44":0,"45":0,"47":0,"48":0,"58":0,"59":0,"62":0,"185":0,"187":0}},"/home/travis/build/npmtest/node-npmtest-elasticlunr/node_modules/elasticlunr/lib/tokenizer.js":{"path":"/home/travis/build/npmtest/node-npmtest-elasticlunr/node_modules/elasticlunr/lib/tokenizer.js","s":{"1":2,"2":0,"3":0,"4":0,"5":0,"6":0,"7":0,"8":0,"9":0,"10":0,"11":0,"12":0,"13":0,"14":0,"15":0,"16":0,"17":0,"18":0,"19":0,"20":0,"21":0,"22":0,"23":0,"24":0,"25":0},"b":{"1":[0,0],"2":[0,0,0],"3":[0,0],"4":[0,0],"5":[0,0],"6":[0,0],"7":[0,0,0]},"f":{"1":0,"2":0,"3":0,"4":0,"5":0,"6":0,"7":0},"fnMap":{"1":{"name":"(anonymous_1)","line":20,"loc":{"start":{"line":20,"column":24},"end":{"line":20,"column":39}}},"2":{"name":"(anonymous_2)","line":23,"loc":{"start":{"line":23,"column":25},"end":{"line":23,"column":41}}},"3":{"name":"(anonymous_3)","line":31,"loc":{"start":{"line":31,"column":18},"end":{"line":31,"column":31}}},"4":{"name":"(anonymous_4)","line":36,"loc":{"start":{"line":36,"column":16},"end":{"line":36,"column":31}}},"5":{"name":"(anonymous_5)","line":66,"loc":{"start":{"line":66,"column":37},"end":{"line":66,"column":51}}},"6":{"name":"(anonymous_6)","line":76,"loc":{"start":{"line":76,"column":39},"end":{"line":76,"column":50}}},"7":{"name":"(anonymous_7)","line":84,"loc":{"start":{"line":84,"column":37},"end":{"line":84,"column":48}}}},"statementMap":{"1":{"start":{"line":20,"column":0},"end":{"line":45,"column":2}},"2":{"start":{"line":21,"column":2},"end":{"line":21,"column":72}},"3":{"start":{"line":21,"column":62},"end":{"line":21,"column":72}},"4":{"start":{"line":22,"column":2},"end":{"line":42,"column":3}},"5":{"start":{"line":23,"column":4},"end":{"line":29,"column":7}},"6":{"start":{"line":24,"column":6},"end":{"line":26,"column":7}},"7":{"start":{"line":25,"column":8},"end":{"line":25,"column":21}},"8":{"start":{"line":28,"column":6},"end":{"line":28,"column":18}},"9":{"start":{"line":31,"column":4},"end":{"line":33,"column":7}},"10":{"start":{"line":32,"column":6},"end":{"line":32,"column":57}},"11":{"start":{"line":35,"column":4},"end":{"line":35,"column":17}},"12":{"start":{"line":36,"column":4},"end":{"line":39,"column":13}},"13":{"start":{"line":37,"column":6},"end":{"line":37,"column":63}},"14":{"start":{"line":38,"column":6},"end":{"line":38,"column":31}},"15":{"start":{"line":41,"column":4},"end":{"line":41,"column":15}},"16":{"start":{"line":44,"column":2},"end":{"line":44,"column":84}},"17":{"start":{"line":50,"column":0},"end":{"line":50,"column":51}},"18":{"start":{"line":59,"column":0},"end":{"line":59,"column":73}},"19":{"start":{"line":66,"column":0},"end":{"line":70,"column":1}},"20":{"start":{"line":67,"column":4},"end":{"line":69,"column":5}},"21":{"start":{"line":68,"column":8},"end":{"line":68,"column":46}},"22":{"start":{"line":76,"column":0},"end":{"line":78,"column":1}},"23":{"start":{"line":77,"column":4},"end":{"line":77,"column":77}},"24":{"start":{"line":84,"column":0},"end":{"line":86,"column":1}},"25":{"start":{"line":85,"column":4},"end":{"line":85,"column":43}}},"branchMap":{"1":{"line":21,"type":"if","locations":[{"start":{"line":21,"column":2},"end":{"line":21,"column":2}},{"start":{"line":21,"column":2},"end":{"line":21,"column":2}}]},"2":{"line":21,"type":"binary-expr","locations":[{"start":{"line":21,"column":6},"end":{"line":21,"column":23}},{"start":{"line":21,"column":27},"end":{"line":21,"column":39}},{"start":{"line":21,"column":43},"end":{"line":21,"column":60}}]},"3":{"line":22,"type":"if","locations":[{"start":{"line":22,"column":2},"end":{"line":22,"column":2}},{"start":{"line":22,"column":2},"end":{"line":22,"column":2}}]},"4":{"line":24,"type":"if","locations":[{"start":{"line":24,"column":6},"end":{"line":24,"column":6}},{"start":{"line":24,"column":6},"end":{"line":24,"column":6}}]},"5":{"line":24,"type":"binary-expr","locations":[{"start":{"line":24,"column":10},"end":{"line":24,"column":24}},{"start":{"line":24,"column":28},"end":{"line":24,"column":47}}]},"6":{"line":67,"type":"if","locations":[{"start":{"line":67,"column":4},"end":{"line":67,"column":4}},{"start":{"line":67,"column":4},"end":{"line":67,"column":4}}]},"7":{"line":67,"type":"binary-expr","locations":[{"start":{"line":67,"column":8},"end":{"line":67,"column":20}},{"start":{"line":67,"column":24},"end":{"line":67,"column":41}},{"start":{"line":67,"column":45},"end":{"line":67,"column":69}}]}},"code":["/*!"," * elasticlunr.tokenizer"," * Copyright (C) @YEAR Oliver Nightingale"," * Copyright (C) @YEAR Wei Song"," */","","/**"," * A function for splitting a string into tokens."," * Currently English is supported as default."," * Uses `elasticlunr.tokenizer.seperator` to split strings, you could change"," * the value of this property to set how you want strings are split into tokens."," * IMPORTANT: use elasticlunr.tokenizer.seperator carefully, if you are not familiar with"," * text process, then you'd better not change it."," *"," * @module"," * @param {String} str The string that you want to tokenize."," * @see elasticlunr.tokenizer.seperator"," * @return {Array}"," */","elasticlunr.tokenizer = function (str) {","  if (!arguments.length || str === null || str === undefined) return [];","  if (Array.isArray(str)) {","    var arr = str.filter(function(token) {","      if (token === null || token === undefined) {","        return false;","      }","","      return true;","    });","","    arr = arr.map(function (t) {","      return elasticlunr.utils.toString(t).toLowerCase();","    });","","    var out = [];","    arr.forEach(function(item) {","      var tokens = item.split(elasticlunr.tokenizer.seperator);","      out = out.concat(tokens);","    }, this);","","    return out;","  }","","  return str.toString().trim().toLowerCase().split(elasticlunr.tokenizer.seperator);","};","","/**"," * Default string seperator."," */","elasticlunr.tokenizer.defaultSeperator = /[\\s\\-]+/;","","/**"," * The sperator used to split a string into tokens. Override this property to change the behaviour of"," * `elasticlunr.tokenizer` behaviour when tokenizing strings. By default this splits on whitespace and hyphens."," *"," * @static"," * @see elasticlunr.tokenizer"," */","elasticlunr.tokenizer.seperator = elasticlunr.tokenizer.defaultSeperator;","","/**"," * Set up customized string seperator"," *"," * @param {Object} sep The customized seperator that you want to use to tokenize a string."," */","elasticlunr.tokenizer.setSeperator = function(sep) {","    if (sep !== null && sep !== undefined && typeof(sep) === 'object') {","        elasticlunr.tokenizer.seperator = sep;","    }","}","","/**"," * Reset string seperator"," *"," */","elasticlunr.tokenizer.resetSeperator = function() {","    elasticlunr.tokenizer.seperator = elasticlunr.tokenizer.defaultSeperator;","}","","/**"," * Get string seperator"," *"," */","elasticlunr.tokenizer.getSeperator = function() {","    return elasticlunr.tokenizer.seperator;","}",""],"l":{"20":2,"21":0,"22":0,"23":0,"24":0,"25":0,"28":0,"31":0,"32":0,"35":0,"36":0,"37":0,"38":0,"41":0,"44":0,"50":0,"59":0,"66":0,"67":0,"68":0,"76":0,"77":0,"84":0,"85":0}},"/home/travis/build/npmtest/node-npmtest-elasticlunr/node_modules/elasticlunr/lib/trimmer.js":{"path":"/home/travis/build/npmtest/node-npmtest-elasticlunr/node_modules/elasticlunr/lib/trimmer.js","s":{"1":2,"2":0,"3":0,"4":0,"5":0},"b":{"1":[0,0],"2":[0,0]},"f":{"1":0},"fnMap":{"1":{"name":"(anonymous_1)","line":21,"loc":{"start":{"line":21,"column":22},"end":{"line":21,"column":39}}}},"statementMap":{"1":{"start":{"line":21,"column":0},"end":{"line":29,"column":2}},"2":{"start":{"line":22,"column":2},"end":{"line":24,"column":3}},"3":{"start":{"line":23,"column":4},"end":{"line":23,"column":53}},"4":{"start":{"line":26,"column":2},"end":{"line":28,"column":25}},"5":{"start":{"line":31,"column":0},"end":{"line":31,"column":70}}},"branchMap":{"1":{"line":22,"type":"if","locations":[{"start":{"line":22,"column":2},"end":{"line":22,"column":2}},{"start":{"line":22,"column":2},"end":{"line":22,"column":2}}]},"2":{"line":22,"type":"binary-expr","locations":[{"start":{"line":22,"column":6},"end":{"line":22,"column":20}},{"start":{"line":22,"column":24},"end":{"line":22,"column":43}}]}},"code":["/*!"," * elasticlunr.trimmer"," * Copyright (C) @YEAR Oliver Nightingale"," * Copyright (C) @YEAR Wei Song"," */","","/**"," * elasticlunr.trimmer is a pipeline function for trimming non word"," * characters from the begining and end of tokens before they"," * enter the index."," *"," * This implementation may not work correctly for non latin"," * characters and should either be removed or adapted for use"," * with languages with non-latin characters."," *"," * @module"," * @param {String} token The token to pass through the filter"," * @return {String}"," * @see elasticlunr.Pipeline"," */","elasticlunr.trimmer = function (token) {","  if (token === null || token === undefined) {","    throw new Error('token should not be undefined');","  }","","  return token","    .replace(/^\\W+/, '')","    .replace(/\\W+$/, '');","};","","elasticlunr.Pipeline.registerFunction(elasticlunr.trimmer, 'trimmer');",""],"l":{"21":2,"22":0,"23":0,"26":0,"31":0}},"/home/travis/build/npmtest/node-npmtest-elasticlunr/node_modules/elasticlunr/lib/utils.js":{"path":"/home/travis/build/npmtest/node-npmtest-elasticlunr/node_modules/elasticlunr/lib/utils.js","s":{"1":2,"2":0,"3":0,"4":0,"5":0,"6":0,"7":0,"8":0,"9":0},"b":{"1":[0,0],"2":[0,0],"3":[0,0],"4":[0,0]},"f":{"1":0,"2":0,"3":0},"fnMap":{"1":{"name":"(anonymous_1)","line":18,"loc":{"start":{"line":18,"column":26},"end":{"line":18,"column":44}}},"2":{"name":"(anonymous_2)","line":19,"loc":{"start":{"line":19,"column":9},"end":{"line":19,"column":28}}},"3":{"name":"(anonymous_3)","line":37,"loc":{"start":{"line":37,"column":29},"end":{"line":37,"column":44}}}},"statementMap":{"1":{"start":{"line":10,"column":0},"end":{"line":10,"column":23}},"2":{"start":{"line":18,"column":0},"end":{"line":24,"column":9}},"3":{"start":{"line":19,"column":2},"end":{"line":23,"column":4}},"4":{"start":{"line":20,"column":4},"end":{"line":22,"column":5}},"5":{"start":{"line":21,"column":6},"end":{"line":21,"column":28}},"6":{"start":{"line":37,"column":0},"end":{"line":43,"column":2}},"7":{"start":{"line":38,"column":2},"end":{"line":40,"column":3}},"8":{"start":{"line":39,"column":4},"end":{"line":39,"column":14}},"9":{"start":{"line":42,"column":2},"end":{"line":42,"column":24}}},"branchMap":{"1":{"line":20,"type":"if","locations":[{"start":{"line":20,"column":4},"end":{"line":20,"column":4}},{"start":{"line":20,"column":4},"end":{"line":20,"column":4}}]},"2":{"line":20,"type":"binary-expr","locations":[{"start":{"line":20,"column":8},"end":{"line":20,"column":22}},{"start":{"line":20,"column":26},"end":{"line":20,"column":38}}]},"3":{"line":38,"type":"if","locations":[{"start":{"line":38,"column":2},"end":{"line":38,"column":2}},{"start":{"line":38,"column":2},"end":{"line":38,"column":2}}]},"4":{"line":38,"type":"binary-expr","locations":[{"start":{"line":38,"column":6},"end":{"line":38,"column":20}},{"start":{"line":38,"column":24},"end":{"line":38,"column":36}}]}},"code":["/*!"," * elasticlunr.utils"," * Copyright (C) @YEAR Oliver Nightingale"," * Copyright (C) @YEAR Wei Song"," */","","/**"," * A namespace containing utils for the rest of the elasticlunr library"," */","elasticlunr.utils = {};","","/**"," * Print a warning message to the console."," *"," * @param {String} message The message to be printed."," * @memberOf Utils"," */","elasticlunr.utils.warn = (function (global) {","  return function (message) {","    if (global.console && console.warn) {","      console.warn(message);","    }","  };","})(this);","","/**"," * Convert an object to string."," *"," * In the case of `null` and `undefined` the function returns"," * an empty string, in all other cases the result of calling"," * `toString` on the passed object is returned."," *"," * @param {object} obj The object to convert to a string."," * @return {String} string representation of the passed object."," * @memberOf Utils"," */","elasticlunr.utils.toString = function (obj) {","  if (obj === void 0 || obj === null) {","    return \"\";","  }","","  return obj.toString();","};",""],"l":{"10":2,"18":0,"19":0,"20":0,"21":0,"37":0,"38":0,"39":0,"42":0}}}